<?xml version="1.0" encoding="UTF-8" ?>
<testsuites>
  <testsuite errors="0" failures="0" hostname="Test-PC" id="0" name="Am_I_Eligible_Csenario2_Staging" package="all_staging_test_runs" skipped="0" tests="1" time="52.584" timestamp="2016-05-05T19:41:20">
      <properties>
[...]
</properties>

      <testcase classname="all_staging_test_runs.Am_I_Eligible_Csenario2_Staging" name="AM_I_Eligible_maintest" time="52.527" />

      <system-out><![CDATA[-Test script 1, Scenario 2: WOSB Program Eligibility - Low Fidelity Failure Due to 'NO' for questions one
Text present, home page validated step 1 and 2 pass
Introduction page of SBA Women-Owned Small Business Requirement not validated
-Question one
Are you a US Citizen?
Yes
No
Details
A Citizen means a person born or naturalized in the United States. Resident ailens and holders of permanent visas are not considered to be citizens. 13 C.F.R. 127.102
A Citizen means a person born or naturalized in the United States. Resident ailens and holders of permanent visas are not considered to be citizens. 13 C.F.R. 127.102
-Question two
Do you and/or other women own and control at least 51% of the business?
Yes
No
Details
To qualify for the WOSB Program, one or more women mustunconditionally and directly own and controlat least 51 percent of the business and be U.S. citizen(s).

In general, the 51 percentownershipmay not be through another business entity or trusts (including stock ownership plan), executory agreements, or other arrangements that cause or potentially cause ownership benefits to go to another. See 13 C.F.R. 127.201 for additional information.

Controlby one or more women means that both the long-term decision making and the day-to-day management and administration of the business operations are controlled by women. See 13 C.F.R. 127.202 for additional information.
To qualify for the WOSB Program, one or more women mustunconditionally and directly own and controlat least 51 percent of the business and be U.S. citizen(s).

In general, the 51 percentownershipmay not be through another business entity or trusts (including stock ownership plan), executory agreements, or other arrangements that cause or potentially cause ownership benefits to go to another. See 13 C.F.R. 127.201 for additional information.

Controlby one or more women means that both the long-term decision making and the day-to-day management and administration of the business operations are controlled by women. See 13 C.F.R. 127.202 for additional information.
-Question Three
Enter the NAICS Code in which your business operates
Details
The federal government may restrict competition under the WOSB Program only in certain industries. 13 C.F.R. 127.500. SBA has designated those industries applicable to the WOSB Program by North American Industry Classification System (NAICS) code. If a contract is not assigned one of those designated NAICS codes, the contract cannot be set-aside under the WOSB Program.

The most recent list of NAICS codes applicable to the WOSB Program can be found at SBA’s website atSBA.gov/WOSB

If you do not know the NAICS code(s) in which your business operates, please review the NAICS manual available athttp://www.census.gov
The federal government may restrict competition under the WOSB Program only in certain industries. 13 C.F.R. 127.500. SBA has designated those industries applicable to the WOSB Program by North American Industry Classification System (NAICS) code. If a contract is not assigned one of those designated NAICS codes, the contract cannot be set-aside under the WOSB Program.

The most recent list of NAICS codes applicable to the WOSB Program can be found at SBA’s website atSBA.gov/WOSB

If you do not know the NAICS code(s) in which your business operates, please review the NAICS manual available athttp://www.census.gov
-Question Four
Are you economically disadvantaged?
Yes
No
Details
To qualify as an EDWOSB, a business must be at least 51 percent owned by one or more womenwho are economically disadvantaged. The determination of whether a woman iseconomically disadvantagedrequires an evaluation of her total assets, her net worth, and her personal income for the past three years. To be considered an economically disadvantaged woman, the woman must meet all three of the thresholds described below:

The woman's total assets must be valued at less than $6M. This calculation is based on the fair market value of all assets, including the woman’s primary residence and the value of the business concern. However, the calculation excludes funds invested in an Individual Retirement Account or other official retirement account that are unavailable until retirement age without a significant penalty.

The woman’s net worth must be less than $750K. This calculation excludes the woman’s ownership interest in the concern and her equity interest in her primary personal residence.

The woman’s personal income must be less than $350K. This calculation is based on the woman’s annual adjusted gross income averaged over the last three years.
To qualify as an EDWOSB, a business must be at least 51 percent owned by one or more womenwho are economically disadvantaged. The determination of whether a woman iseconomically disadvantagedrequires an evaluation of her total assets, her net worth, and her personal income for the past three years. To be considered an economically disadvantaged woman, the woman must meet all three of the thresholds described below:

The woman's total assets must be valued at less than $6M. This calculation is based on the fair market value of all assets, including the woman’s primary residence and the value of the business concern. However, the calculation excludes funds invested in an Individual Retirement Account or other official retirement account that are unavailable until retirement age without a significant penalty.

The woman’s net worth must be less than $750K. This calculation excludes the woman’s ownership interest in the concern and her equity interest in her primary personal residence.

The woman’s personal income must be less than $350K. This calculation is based on the woman’s annual adjusted gross income averaged over the last three years.
Test Pass at this point
Please enter 6 digit NAICS code
Negative test validated
Am I Eligible?
Based on your answers, you may not be eligible for:
Women-Owned Small Business

    Possible reason(s) for ineligibility:
You indicated that you are not a US citizen
The NAICS code entered does not appear on the list of designated industries in which WOSB Program set-asides are authorized. As such, be advised that federal contracts currently cannot be set-aside under the WOSB Program in this industry. However, this does not preclude you from certifying as a WOSB or EDWOSB if you meet the requirements of the WOSB Program.
Economically Disadvantaged Women-Owned Small Business

    Possible reason(s) for ineligibility:
You indicated that you are not a US citizen
You indicated that you are not considered economically disadvantaged
The NAICS code entered does not appear on the list of designated industries in which WOSB Program set-asides are authorized. As such, be advised that federal contracts currently cannot be set-aside under the WOSB Program in this industry. However, this does not preclude you from certifying as a WOSB or EDWOSB if you meet the requirements of the WOSB Program.
For more information, please contact the SBAWOSB Program Office or the SBASBA Women's Business Center
]]></system-out>

      <system-err><![CDATA[]]></system-err>

  </testsuite>
  <testsuite errors="0" failures="0" hostname="Test-PC" id="1" name="Am_I_Eligible_Scenario10_Staging" package="all_staging_test_runs" skipped="0" tests="1" time="37.426" timestamp="2016-05-05T19:42:13">
      <properties>
[...]
</properties>

      <testcase classname="all_staging_test_runs.Am_I_Eligible_Scenario10_Staging" name="AM_I_Eligible_maintest" time="37.359" />

      <system-out><![CDATA[-Test script 1, Scenario 10: User should NOT be eligible for either WOSB or EDWASB program (result page should not be shown after clicking on Check Eligibility
Text present, home page validated to contain the Am I Eligible link step 1 and 2 pass
Introduction page of SBA Women-Owned Small Business Requirement not validated
-Question one
Are you a US Citizen?
Yes
No
Details
A Citizen means a person born or naturalized in the United States. Resident ailens and holders of permanent visas are not considered to be citizens. 13 C.F.R. 127.102
A Citizen means a person born or naturalized in the United States. Resident ailens and holders of permanent visas are not considered to be citizens. 13 C.F.R. 127.102
-Question two
Do you and/or other women own and control at least 51% of the business?
Yes
No
Details
To qualify for the WOSB Program, one or more women mustunconditionally and directly own and controlat least 51 percent of the business and be U.S. citizen(s).

In general, the 51 percentownershipmay not be through another business entity or trusts (including stock ownership plan), executory agreements, or other arrangements that cause or potentially cause ownership benefits to go to another. See 13 C.F.R. 127.201 for additional information.

Controlby one or more women means that both the long-term decision making and the day-to-day management and administration of the business operations are controlled by women. See 13 C.F.R. 127.202 for additional information.
To qualify for the WOSB Program, one or more women mustunconditionally and directly own and controlat least 51 percent of the business and be U.S. citizen(s).

In general, the 51 percentownershipmay not be through another business entity or trusts (including stock ownership plan), executory agreements, or other arrangements that cause or potentially cause ownership benefits to go to another. See 13 C.F.R. 127.201 for additional information.

Controlby one or more women means that both the long-term decision making and the day-to-day management and administration of the business operations are controlled by women. See 13 C.F.R. 127.202 for additional information.
-Question Three
Enter the NAICS Code in which your business operates
Details
The federal government may restrict competition under the WOSB Program only in certain industries. 13 C.F.R. 127.500. SBA has designated those industries applicable to the WOSB Program by North American Industry Classification System (NAICS) code. If a contract is not assigned one of those designated NAICS codes, the contract cannot be set-aside under the WOSB Program.

The most recent list of NAICS codes applicable to the WOSB Program can be found at SBA’s website atSBA.gov/WOSB

If you do not know the NAICS code(s) in which your business operates, please review the NAICS manual available athttp://www.census.gov
The federal government may restrict competition under the WOSB Program only in certain industries. 13 C.F.R. 127.500. SBA has designated those industries applicable to the WOSB Program by North American Industry Classification System (NAICS) code. If a contract is not assigned one of those designated NAICS codes, the contract cannot be set-aside under the WOSB Program.

The most recent list of NAICS codes applicable to the WOSB Program can be found at SBA’s website atSBA.gov/WOSB

If you do not know the NAICS code(s) in which your business operates, please review the NAICS manual available athttp://www.census.gov
-Question Four
Are you economically disadvantaged?
Yes
No
Details
To qualify as an EDWOSB, a business must be at least 51 percent owned by one or more womenwho are economically disadvantaged. The determination of whether a woman iseconomically disadvantagedrequires an evaluation of her total assets, her net worth, and her personal income for the past three years. To be considered an economically disadvantaged woman, the woman must meet all three of the thresholds described below:

The woman's total assets must be valued at less than $6M. This calculation is based on the fair market value of all assets, including the woman’s primary residence and the value of the business concern. However, the calculation excludes funds invested in an Individual Retirement Account or other official retirement account that are unavailable until retirement age without a significant penalty.

The woman’s net worth must be less than $750K. This calculation excludes the woman’s ownership interest in the concern and her equity interest in her primary personal residence.

The woman’s personal income must be less than $350K. This calculation is based on the woman’s annual adjusted gross income averaged over the last three years.
To qualify as an EDWOSB, a business must be at least 51 percent owned by one or more womenwho are economically disadvantaged. The determination of whether a woman iseconomically disadvantagedrequires an evaluation of her total assets, her net worth, and her personal income for the past three years. To be considered an economically disadvantaged woman, the woman must meet all three of the thresholds described below:

The woman's total assets must be valued at less than $6M. This calculation is based on the fair market value of all assets, including the woman’s primary residence and the value of the business concern. However, the calculation excludes funds invested in an Individual Retirement Account or other official retirement account that are unavailable until retirement age without a significant penalty.

The woman’s net worth must be less than $750K. This calculation excludes the woman’s ownership interest in the concern and her equity interest in her primary personal residence.

The woman’s personal income must be less than $350K. This calculation is based on the woman’s annual adjusted gross income averaged over the last three years.
Test Pass at this point
-User should NOT be eligible for either WOSB or EDWASB program (result page should not be shown after clicking on Check Eligibility
-Alert message present, users are pront to answer the required qestions. PASS
]]></system-out>

      <system-err><![CDATA[]]></system-err>

  </testsuite>
  <testsuite errors="0" failures="0" hostname="Test-PC" id="2" name="Am_I_Eligible_Scenario11_Staging" package="all_staging_test_runs" skipped="0" tests="1" time="29.28" timestamp="2016-05-05T19:42:51">
      <properties>
[...]
</properties>

      <testcase classname="all_staging_test_runs.Am_I_Eligible_Scenario11_Staging" name="AM_I_Eligible_maintest" time="29.219" />

      <system-out><![CDATA[-Test script 1, Scenario 11:User should NOT be eligible for either EDWOSB or WOSB program
Text present, home page validated to contain the Am i Eligible link, step 1 and 2 pass
Introduction page of SBA Women-Owned Small Business Requirement not validated
Questionnaire Page present
Am I Eligible?
Based on your answers, you may not be eligible for:
Women-Owned Small Business

    Possible reason(s) for ineligibility:
You indicated that you are not a US citizen
You indicated that you and/or other women do not own at least 51% of business
Economically Disadvantaged Women-Owned Small Business

    Possible reason(s) for ineligibility:
You indicated that you are not a US citizen
You indicated that you and/or other women do not own at least 51% of business
You indicated that you are not considered economically disadvantaged
The NAICS code entered does not appear on the list of designated industries in which WOSB Program set-asides are authorized. As such, be advised that federal contracts currently cannot be set-aside under the WOSB Program in this industry. However, this does not preclude you from certifying as a WOSB or EDWOSB if you meet the requirements of the WOSB Program.
For more information, please contact the SBAWOSB Program Office or the SBASBA Women's Business Center
]]></system-out>

      <system-err><![CDATA[]]></system-err>

  </testsuite>
  <testsuite errors="0" failures="0" hostname="Test-PC" id="3" name="Am_I_Eligible_Scenario3_Staging" package="all_staging_test_runs" skipped="0" tests="1" time="50.624" timestamp="2016-05-05T19:43:20">
      <properties>
[...]
</properties>

      <testcase classname="all_staging_test_runs.Am_I_Eligible_Scenario3_Staging" name="AM_I_Eligible_maintest" time="50.565" />

      <system-out><![CDATA[-Test script 1, Scenario 3: WOSB Program Eligibility - Low Fidelity Failure Due to 'NO' for all the questions and an invalid NAICS
Text present, home page validated step 1 and 2 pass
Introduction page of SBA Women-Owned Small Business Requirement not validated
-Question one
Are you a US Citizen?
Yes
No
Details
A Citizen means a person born or naturalized in the United States. Resident ailens and holders of permanent visas are not considered to be citizens. 13 C.F.R. 127.102
A Citizen means a person born or naturalized in the United States. Resident ailens and holders of permanent visas are not considered to be citizens. 13 C.F.R. 127.102
-Question two
Do you and/or other women own and control at least 51% of the business?
Yes
No
Details
To qualify for the WOSB Program, one or more women mustunconditionally and directly own and controlat least 51 percent of the business and be U.S. citizen(s).

In general, the 51 percentownershipmay not be through another business entity or trusts (including stock ownership plan), executory agreements, or other arrangements that cause or potentially cause ownership benefits to go to another. See 13 C.F.R. 127.201 for additional information.

Controlby one or more women means that both the long-term decision making and the day-to-day management and administration of the business operations are controlled by women. See 13 C.F.R. 127.202 for additional information.
To qualify for the WOSB Program, one or more women mustunconditionally and directly own and controlat least 51 percent of the business and be U.S. citizen(s).

In general, the 51 percentownershipmay not be through another business entity or trusts (including stock ownership plan), executory agreements, or other arrangements that cause or potentially cause ownership benefits to go to another. See 13 C.F.R. 127.201 for additional information.

Controlby one or more women means that both the long-term decision making and the day-to-day management and administration of the business operations are controlled by women. See 13 C.F.R. 127.202 for additional information.
-Question Three
Enter the NAICS Code in which your business operates
Details
The federal government may restrict competition under the WOSB Program only in certain industries. 13 C.F.R. 127.500. SBA has designated those industries applicable to the WOSB Program by North American Industry Classification System (NAICS) code. If a contract is not assigned one of those designated NAICS codes, the contract cannot be set-aside under the WOSB Program.

The most recent list of NAICS codes applicable to the WOSB Program can be found at SBA’s website atSBA.gov/WOSB

If you do not know the NAICS code(s) in which your business operates, please review the NAICS manual available athttp://www.census.gov
The federal government may restrict competition under the WOSB Program only in certain industries. 13 C.F.R. 127.500. SBA has designated those industries applicable to the WOSB Program by North American Industry Classification System (NAICS) code. If a contract is not assigned one of those designated NAICS codes, the contract cannot be set-aside under the WOSB Program.

The most recent list of NAICS codes applicable to the WOSB Program can be found at SBA’s website atSBA.gov/WOSB

If you do not know the NAICS code(s) in which your business operates, please review the NAICS manual available athttp://www.census.gov
-Question Four
Are you economically disadvantaged?
Yes
No
Details
To qualify as an EDWOSB, a business must be at least 51 percent owned by one or more womenwho are economically disadvantaged. The determination of whether a woman iseconomically disadvantagedrequires an evaluation of her total assets, her net worth, and her personal income for the past three years. To be considered an economically disadvantaged woman, the woman must meet all three of the thresholds described below:

The woman's total assets must be valued at less than $6M. This calculation is based on the fair market value of all assets, including the woman’s primary residence and the value of the business concern. However, the calculation excludes funds invested in an Individual Retirement Account or other official retirement account that are unavailable until retirement age without a significant penalty.

The woman’s net worth must be less than $750K. This calculation excludes the woman’s ownership interest in the concern and her equity interest in her primary personal residence.

The woman’s personal income must be less than $350K. This calculation is based on the woman’s annual adjusted gross income averaged over the last three years.
To qualify as an EDWOSB, a business must be at least 51 percent owned by one or more womenwho are economically disadvantaged. The determination of whether a woman iseconomically disadvantagedrequires an evaluation of her total assets, her net worth, and her personal income for the past three years. To be considered an economically disadvantaged woman, the woman must meet all three of the thresholds described below:

The woman's total assets must be valued at less than $6M. This calculation is based on the fair market value of all assets, including the woman’s primary residence and the value of the business concern. However, the calculation excludes funds invested in an Individual Retirement Account or other official retirement account that are unavailable until retirement age without a significant penalty.

The woman’s net worth must be less than $750K. This calculation excludes the woman’s ownership interest in the concern and her equity interest in her primary personal residence.

The woman’s personal income must be less than $350K. This calculation is based on the woman’s annual adjusted gross income averaged over the last three years.
Test Pass at this point
Am I Eligible?
Based on your answers, you may not be eligible for:
Women-Owned Small Business

    Possible reason(s) for ineligibility:
You indicated that you are not a US citizen
You indicated that you and/or other women do not own at least 51% of business
The NAICS code entered does not appear on the list of designated industries in which WOSB Program set-asides are authorized. As such, be advised that federal contracts currently cannot be set-aside under the WOSB Program in this industry. However, this does not preclude you from certifying as a WOSB or EDWOSB if you meet the requirements of the WOSB Program.
Economically Disadvantaged Women-Owned Small Business

    Possible reason(s) for ineligibility:
You indicated that you are not a US citizen
You indicated that you and/or other women do not own at least 51% of business
You indicated that you are not considered economically disadvantaged
The NAICS code entered does not appear on the list of designated industries in which WOSB Program set-asides are authorized. As such, be advised that federal contracts currently cannot be set-aside under the WOSB Program in this industry. However, this does not preclude you from certifying as a WOSB or EDWOSB if you meet the requirements of the WOSB Program.
For more information, please contact the SBAWOSB Program Office or the SBASBA Women's Business Center
]]></system-out>

      <system-err><![CDATA[]]></system-err>

  </testsuite>
  <testsuite errors="0" failures="0" hostname="Test-PC" id="4" name="Am_I_Eligible_Scenario4_Staging" package="all_staging_test_runs" skipped="0" tests="1" time="52.011" timestamp="2016-05-05T19:44:11">
      <properties>
[...]
</properties>

      <testcase classname="all_staging_test_runs.Am_I_Eligible_Scenario4_Staging" name="AM_I_Eligible_maintest" time="51.951" />

      <system-out><![CDATA[-Test script 1, Scenario 4: WOSB Program Eligibility - Low Fidelity Failure Due to an invalid NAICS code
Text present, home page validated step 1 and 2 pass
Introduction page of SBA Women-Owned Small Business Requirement not validated
-Question one
Are you a US Citizen?
Yes
No
Details
A Citizen means a person born or naturalized in the United States. Resident ailens and holders of permanent visas are not considered to be citizens. 13 C.F.R. 127.102
A Citizen means a person born or naturalized in the United States. Resident ailens and holders of permanent visas are not considered to be citizens. 13 C.F.R. 127.102
-Question two
Do you and/or other women own and control at least 51% of the business?
Yes
No
Details
To qualify for the WOSB Program, one or more women mustunconditionally and directly own and controlat least 51 percent of the business and be U.S. citizen(s).

In general, the 51 percentownershipmay not be through another business entity or trusts (including stock ownership plan), executory agreements, or other arrangements that cause or potentially cause ownership benefits to go to another. See 13 C.F.R. 127.201 for additional information.

Controlby one or more women means that both the long-term decision making and the day-to-day management and administration of the business operations are controlled by women. See 13 C.F.R. 127.202 for additional information.
To qualify for the WOSB Program, one or more women mustunconditionally and directly own and controlat least 51 percent of the business and be U.S. citizen(s).

In general, the 51 percentownershipmay not be through another business entity or trusts (including stock ownership plan), executory agreements, or other arrangements that cause or potentially cause ownership benefits to go to another. See 13 C.F.R. 127.201 for additional information.

Controlby one or more women means that both the long-term decision making and the day-to-day management and administration of the business operations are controlled by women. See 13 C.F.R. 127.202 for additional information.
-Question Three
Enter the NAICS Code in which your business operates
Details
The federal government may restrict competition under the WOSB Program only in certain industries. 13 C.F.R. 127.500. SBA has designated those industries applicable to the WOSB Program by North American Industry Classification System (NAICS) code. If a contract is not assigned one of those designated NAICS codes, the contract cannot be set-aside under the WOSB Program.

The most recent list of NAICS codes applicable to the WOSB Program can be found at SBA’s website atSBA.gov/WOSB

If you do not know the NAICS code(s) in which your business operates, please review the NAICS manual available athttp://www.census.gov
The federal government may restrict competition under the WOSB Program only in certain industries. 13 C.F.R. 127.500. SBA has designated those industries applicable to the WOSB Program by North American Industry Classification System (NAICS) code. If a contract is not assigned one of those designated NAICS codes, the contract cannot be set-aside under the WOSB Program.

The most recent list of NAICS codes applicable to the WOSB Program can be found at SBA’s website atSBA.gov/WOSB

If you do not know the NAICS code(s) in which your business operates, please review the NAICS manual available athttp://www.census.gov
-Question Four
Are you economically disadvantaged?
Yes
No
Details
To qualify as an EDWOSB, a business must be at least 51 percent owned by one or more womenwho are economically disadvantaged. The determination of whether a woman iseconomically disadvantagedrequires an evaluation of her total assets, her net worth, and her personal income for the past three years. To be considered an economically disadvantaged woman, the woman must meet all three of the thresholds described below:

The woman's total assets must be valued at less than $6M. This calculation is based on the fair market value of all assets, including the woman’s primary residence and the value of the business concern. However, the calculation excludes funds invested in an Individual Retirement Account or other official retirement account that are unavailable until retirement age without a significant penalty.

The woman’s net worth must be less than $750K. This calculation excludes the woman’s ownership interest in the concern and her equity interest in her primary personal residence.

The woman’s personal income must be less than $350K. This calculation is based on the woman’s annual adjusted gross income averaged over the last three years.
To qualify as an EDWOSB, a business must be at least 51 percent owned by one or more womenwho are economically disadvantaged. The determination of whether a woman iseconomically disadvantagedrequires an evaluation of her total assets, her net worth, and her personal income for the past three years. To be considered an economically disadvantaged woman, the woman must meet all three of the thresholds described below:

The woman's total assets must be valued at less than $6M. This calculation is based on the fair market value of all assets, including the woman’s primary residence and the value of the business concern. However, the calculation excludes funds invested in an Individual Retirement Account or other official retirement account that are unavailable until retirement age without a significant penalty.

The woman’s net worth must be less than $750K. This calculation excludes the woman’s ownership interest in the concern and her equity interest in her primary personal residence.

The woman’s personal income must be less than $350K. This calculation is based on the woman’s annual adjusted gross income averaged over the last three years.
Test Pass at this point
Am I Eligible?
Based on your answers, you may be eligible for:
Women-Owned Small Business
The NAICS code entered does not appear on the list of designated industries in which WOSB Program set-asides are authorized. As such, be advised that federal contracts currently cannot be set-aside under the WOSB Program in this industry. However, this does not preclude you from certifying as a WOSB or EDWOSB if you meet the requirements of the WOSB Program.
Am I Eligible?
Based on your answers, you may not be eligible for:
Economically Disadvantaged Women-Owned Small Business

    Possible reason(s) for ineligibility:
You indicated that you are not considered economically disadvantaged
The NAICS code entered does not appear on the list of designated industries in which WOSB Program set-asides are authorized. As such, be advised that federal contracts currently cannot be set-aside under the WOSB Program in this industry. However, this does not preclude you from certifying as a WOSB or EDWOSB if you meet the requirements of the WOSB Program.
For more information, please contact the SBAWOSB Program Office or the SBASBA Women's Business Center
Click on your business type below to view a checklist of the documents you may need to submit:
Women-Owned Small Business (WOSB)
LLC
Partnership Agreement
Sole Proprietorship
Corporation or S Corporation
]]></system-out>

      <system-err><![CDATA[]]></system-err>

  </testsuite>
  <testsuite errors="0" failures="0" hostname="Test-PC" id="5" name="Am_I_Eligible_Scenario5_Staging" package="all_staging_test_runs" skipped="0" tests="1" time="52.105" timestamp="2016-05-05T19:45:04">
      <properties>
[...]
</properties>

      <testcase classname="all_staging_test_runs.Am_I_Eligible_Scenario5_Staging" name="AM_I_Eligible_maintest" time="52.046" />

      <system-out><![CDATA[-Test script 1, Scenario 5: WOSB Program Eligibility - Low Fidelity Failure Due to omition of the NAICS Code 
Text present, home page validated step 1 and 2 pass
Introduction page of SBA Women-Owned Small Business Requirement not validated
-Question one
Are you a US Citizen?
Yes
No
Details
A Citizen means a person born or naturalized in the United States. Resident ailens and holders of permanent visas are not considered to be citizens. 13 C.F.R. 127.102
A Citizen means a person born or naturalized in the United States. Resident ailens and holders of permanent visas are not considered to be citizens. 13 C.F.R. 127.102
-Question two
Do you and/or other women own and control at least 51% of the business?
Yes
No
Details
To qualify for the WOSB Program, one or more women mustunconditionally and directly own and controlat least 51 percent of the business and be U.S. citizen(s).

In general, the 51 percentownershipmay not be through another business entity or trusts (including stock ownership plan), executory agreements, or other arrangements that cause or potentially cause ownership benefits to go to another. See 13 C.F.R. 127.201 for additional information.

Controlby one or more women means that both the long-term decision making and the day-to-day management and administration of the business operations are controlled by women. See 13 C.F.R. 127.202 for additional information.
To qualify for the WOSB Program, one or more women mustunconditionally and directly own and controlat least 51 percent of the business and be U.S. citizen(s).

In general, the 51 percentownershipmay not be through another business entity or trusts (including stock ownership plan), executory agreements, or other arrangements that cause or potentially cause ownership benefits to go to another. See 13 C.F.R. 127.201 for additional information.

Controlby one or more women means that both the long-term decision making and the day-to-day management and administration of the business operations are controlled by women. See 13 C.F.R. 127.202 for additional information.
-Question Three
Enter the NAICS Code in which your business operates
Details
The federal government may restrict competition under the WOSB Program only in certain industries. 13 C.F.R. 127.500. SBA has designated those industries applicable to the WOSB Program by North American Industry Classification System (NAICS) code. If a contract is not assigned one of those designated NAICS codes, the contract cannot be set-aside under the WOSB Program.

The most recent list of NAICS codes applicable to the WOSB Program can be found at SBA’s website atSBA.gov/WOSB

If you do not know the NAICS code(s) in which your business operates, please review the NAICS manual available athttp://www.census.gov
The federal government may restrict competition under the WOSB Program only in certain industries. 13 C.F.R. 127.500. SBA has designated those industries applicable to the WOSB Program by North American Industry Classification System (NAICS) code. If a contract is not assigned one of those designated NAICS codes, the contract cannot be set-aside under the WOSB Program.

The most recent list of NAICS codes applicable to the WOSB Program can be found at SBA’s website atSBA.gov/WOSB

If you do not know the NAICS code(s) in which your business operates, please review the NAICS manual available athttp://www.census.gov
-Question Four
Are you economically disadvantaged?
Yes
No
Details
To qualify as an EDWOSB, a business must be at least 51 percent owned by one or more womenwho are economically disadvantaged. The determination of whether a woman iseconomically disadvantagedrequires an evaluation of her total assets, her net worth, and her personal income for the past three years. To be considered an economically disadvantaged woman, the woman must meet all three of the thresholds described below:

The woman's total assets must be valued at less than $6M. This calculation is based on the fair market value of all assets, including the woman’s primary residence and the value of the business concern. However, the calculation excludes funds invested in an Individual Retirement Account or other official retirement account that are unavailable until retirement age without a significant penalty.

The woman’s net worth must be less than $750K. This calculation excludes the woman’s ownership interest in the concern and her equity interest in her primary personal residence.

The woman’s personal income must be less than $350K. This calculation is based on the woman’s annual adjusted gross income averaged over the last three years.
To qualify as an EDWOSB, a business must be at least 51 percent owned by one or more womenwho are economically disadvantaged. The determination of whether a woman iseconomically disadvantagedrequires an evaluation of her total assets, her net worth, and her personal income for the past three years. To be considered an economically disadvantaged woman, the woman must meet all three of the thresholds described below:

The woman's total assets must be valued at less than $6M. This calculation is based on the fair market value of all assets, including the woman’s primary residence and the value of the business concern. However, the calculation excludes funds invested in an Individual Retirement Account or other official retirement account that are unavailable until retirement age without a significant penalty.

The woman’s net worth must be less than $750K. This calculation excludes the woman’s ownership interest in the concern and her equity interest in her primary personal residence.

The woman’s personal income must be less than $350K. This calculation is based on the woman’s annual adjusted gross income averaged over the last three years.
Test Pass at this point
Csenario 5  omited NAICS Code test validated
Omited answer box alert activated, negative Csenario 5 pass
]]></system-out>

      <system-err><![CDATA[]]></system-err>

  </testsuite>
  <testsuite errors="0" failures="0" hostname="Test-PC" id="6" name="Am_I_Eligibles_Scenario_1_EDWOB_Possitive_Staging" package="all_staging_test_runs" skipped="0" tests="1" time="54.554" timestamp="2016-05-05T19:40:25">
      <properties>
[...]
</properties>

      <testcase classname="all_staging_test_runs.Am_I_Eligibles_Scenario_1_EDWOB_Possitive_Staging" name="AM_I_Eligible_maintest" time="54.486" />

      <system-out><![CDATA[-Test script 1, Scenario 1: User should be eligible for the WOSB program 
Text present, home page validated step 1 and 2 pass
Introduction page of SBA Women-Owned Small Business Requirement not validated
-Question one
Are you a US Citizen?
Yes
No
Details
A Citizen means a person born or naturalized in the United States. Resident ailens and holders of permanent visas are not considered to be citizens. 13 C.F.R. 127.102
A Citizen means a person born or naturalized in the United States. Resident ailens and holders of permanent visas are not considered to be citizens. 13 C.F.R. 127.102
-Question two
Do you and/or other women own and control at least 51% of the business?
Yes
No
Details
To qualify for the WOSB Program, one or more women mustunconditionally and directly own and controlat least 51 percent of the business and be U.S. citizen(s).

In general, the 51 percentownershipmay not be through another business entity or trusts (including stock ownership plan), executory agreements, or other arrangements that cause or potentially cause ownership benefits to go to another. See 13 C.F.R. 127.201 for additional information.

Controlby one or more women means that both the long-term decision making and the day-to-day management and administration of the business operations are controlled by women. See 13 C.F.R. 127.202 for additional information.
To qualify for the WOSB Program, one or more women mustunconditionally and directly own and controlat least 51 percent of the business and be U.S. citizen(s).

In general, the 51 percentownershipmay not be through another business entity or trusts (including stock ownership plan), executory agreements, or other arrangements that cause or potentially cause ownership benefits to go to another. See 13 C.F.R. 127.201 for additional information.

Controlby one or more women means that both the long-term decision making and the day-to-day management and administration of the business operations are controlled by women. See 13 C.F.R. 127.202 for additional information.
-Question Three
Enter the NAICS Code in which your business operates
Details
The federal government may restrict competition under the WOSB Program only in certain industries. 13 C.F.R. 127.500. SBA has designated those industries applicable to the WOSB Program by North American Industry Classification System (NAICS) code. If a contract is not assigned one of those designated NAICS codes, the contract cannot be set-aside under the WOSB Program.

The most recent list of NAICS codes applicable to the WOSB Program can be found at SBA’s website atSBA.gov/WOSB

If you do not know the NAICS code(s) in which your business operates, please review the NAICS manual available athttp://www.census.gov
The federal government may restrict competition under the WOSB Program only in certain industries. 13 C.F.R. 127.500. SBA has designated those industries applicable to the WOSB Program by North American Industry Classification System (NAICS) code. If a contract is not assigned one of those designated NAICS codes, the contract cannot be set-aside under the WOSB Program.

The most recent list of NAICS codes applicable to the WOSB Program can be found at SBA’s website atSBA.gov/WOSB

If you do not know the NAICS code(s) in which your business operates, please review the NAICS manual available athttp://www.census.gov
-Question Four
Are you economically disadvantaged?
Yes
No
Details
To qualify as an EDWOSB, a business must be at least 51 percent owned by one or more womenwho are economically disadvantaged. The determination of whether a woman iseconomically disadvantagedrequires an evaluation of her total assets, her net worth, and her personal income for the past three years. To be considered an economically disadvantaged woman, the woman must meet all three of the thresholds described below:

The woman's total assets must be valued at less than $6M. This calculation is based on the fair market value of all assets, including the woman’s primary residence and the value of the business concern. However, the calculation excludes funds invested in an Individual Retirement Account or other official retirement account that are unavailable until retirement age without a significant penalty.

The woman’s net worth must be less than $750K. This calculation excludes the woman’s ownership interest in the concern and her equity interest in her primary personal residence.

The woman’s personal income must be less than $350K. This calculation is based on the woman’s annual adjusted gross income averaged over the last three years.
To qualify as an EDWOSB, a business must be at least 51 percent owned by one or more womenwho are economically disadvantaged. The determination of whether a woman iseconomically disadvantagedrequires an evaluation of her total assets, her net worth, and her personal income for the past three years. To be considered an economically disadvantaged woman, the woman must meet all three of the thresholds described below:

The woman's total assets must be valued at less than $6M. This calculation is based on the fair market value of all assets, including the woman’s primary residence and the value of the business concern. However, the calculation excludes funds invested in an Individual Retirement Account or other official retirement account that are unavailable until retirement age without a significant penalty.

The woman’s net worth must be less than $750K. This calculation excludes the woman’s ownership interest in the concern and her equity interest in her primary personal residence.

The woman’s personal income must be less than $350K. This calculation is based on the woman’s annual adjusted gross income averaged over the last three years.
Test Pass at this point
Please enter 6 digit NAICS code
Negative test validated
Am I Eligible?
Based on your answers, you may be eligible for:
Economically Disadvantaged Women-Owned Small Business

Women-Owned Small Business
The NAICS code entered does not appear on the list of designated industries in which WOSB Program set-asides are authorized. As such, be advised that federal contracts currently cannot be set-aside under the WOSB Program in this industry. However, this does not preclude you from certifying as a WOSB or EDWOSB if you meet the requirements of the WOSB Program.
Click on your business type below to view a checklist of the documents you may need to submit:
Economically Disadvantaged Women-Owned Small Business (EDWOSB)
LLC
Partnership Agreement
Sole Proprietorship
Corporation or S Corporation
Women-Owned Small Business (WOSB)
LLC
Partnership Agreement
Sole Proprietorship
Corporation or S Corporation
]]></system-out>

      <system-err><![CDATA[]]></system-err>

  </testsuite>
  <testsuite errors="0" failures="0" hostname="Test-PC" id="7" name="Analyst_search_View_vendors_Record_Staging" package="all_staging_test_runs" skipped="0" tests="1" time="43.942" timestamp="2016-05-05T19:45:56">
      <properties>
[...]
</properties>

      <testcase classname="all_staging_test_runs.Analyst_search_View_vendors_Record_Staging" name="Analyst_search_View_vendors_Record_Regression_Maintest" time="43.884" />

      <system-out><![CDATA[Entity 75 Legal Business Name
DBA:Entity 75 DBA Name
Gov Business Contact:SAM MERICA
DUNS:119698675
Email:something@sam.gov
Phone:5555555555
Business Type:

Address:
Entity 75 Address Line 1
CLEVELAND, OH 44135

Certifications:
The view certification button by analyst is active and working correctly, Pass
The view certification button by analyst is active and working correctly, Pass
]]></system-out>

      <system-err><![CDATA[]]></system-err>

  </testsuite>
  <testsuite errors="0" failures="0" hostname="Test-PC" id="8" name="EDWASB_Prepare_for_Self_Certification_Staging" package="all_staging_test_runs" skipped="0" tests="1" time="16.32" timestamp="2016-05-05T19:48:35">
      <properties>
[...]
</properties>

      <testcase classname="all_staging_test_runs.EDWASB_Prepare_for_Self_Certification_Staging" name="WOSB_Prepare_for_Self_Certification_Main_test" time="16.259" />

      <system-out><![CDATA[EDWOSB Prepare for Self-Certification page NOT present
Prepare for Self Certification (EDWOSB)
The following checklists provide guidance on the actions that must be taken and the documentation that must be submitted before you can self-certify as an EDWOSB under the WOSB Program. Click on your business type below to view and print the checklist.
Limited Liability Corporation (LLC) (EDWOSB)
Partnership (EDWOSB)
Sole Proprietorship (EDWOSB)
Corporation and S Corporation (EDWOSB)
01-LLC
If you are seeking to qualify as an EDWOSB and your business is an LLC, you must complete and submit the following:
Active registration in the System for Award Management, available at SAM.gov(Note: The concern’s DUNS number and EIN must exactly match SAM registration)
Proof of US citizenship (birth certificate, naturalization paper, or unexpired passport) for owners who are women
A copy of the LLC’s articles of organization (also referred to as certificate of organization, or articles of formation), and any amendments
A copy of the LLC’s operating agreement, and any amendments
A copy of the LLC’s assumed/fictitious name certificate, if applicable
A copy of any joint venture agreements, if applicable
A completed and signed IRS Form 4506-T, Request for Tax Transcript, for each woman claiming economic disadvantage and for each such woman’s spouse(*Note)
Copies of the three most recent personal income tax returns (including all schedules), as well as the three most recent W-2’s, for each woman claiming economic disadvantage and each such woman’s spouse (unless they are legally separated)
Supporting documentation showing the following for each woman claiming economic disadvantage: all assets (including cash on hand and in banks, accounts and notes receivable, retirement accounts, stocks, bonds, real estate, personal property, life insurance, and any other assets), liabilities (such as loans, mortgages, tax debts, and any other liabilities), and income (including salary, investment income, real estate income, and any other income),
A signed copy of the Women-Owned Small Business Program Certification for EDWOSBs
*Note: SBA may consider a spouse’s financial situation in determining whether a woman is economically disadvantaged where the spouse has a role in the business (e.g., an officer, employee or director) or has lent money to, provided credit or financial support to, or guaranteed a loan of the business. 13 C.F.R. 127.203(c)(2)
More Details: 13 C.F.R. 127.300(e)(8)
Registration link Present
02-Partnership
If you are seeking to qualify as an EDWOSB and your business is an LLC, you must complete and submit the following:
Active registration in the System for Award Management, available at SAM.gov(Note: The concern’s DUNS number and EIN must exactly match SAM registration)
Proof of US citizenship (birth certificate, naturalization paper, or unexpired passport) for owners who are women
A copy of the LLC’s articles of organization (also referred to as certificate of organization, or articles of formation), and any amendments
A copy of the LLC’s operating agreement, and any amendments
A copy of the LLC’s assumed/fictitious name certificate, if applicable
A copy of any joint venture agreements, if applicable
A completed and signed IRS Form 4506-T, Request for Tax Transcript, for each woman claiming economic disadvantage and for each such woman’s spouse(*Note)
Copies of the three most recent personal income tax returns (including all schedules), as well as the three most recent W-2’s, for each woman claiming economic disadvantage and each such woman’s spouse (unless they are legally separated)
Supporting documentation showing the following for each woman claiming economic disadvantage: all assets (including cash on hand and in banks, accounts and notes receivable, retirement accounts, stocks, bonds, real estate, personal property, life insurance, and any other assets), liabilities (such as loans, mortgages, tax debts, and any other liabilities), and income (including salary, investment income, real estate income, and any other income),
A signed copy of the Women-Owned Small Business Program Certification for EDWOSBs
*Note: SBA may consider a spouse’s financial situation in determining whether a woman is economically disadvantaged where the spouse has a role in the business (e.g., an officer, employee or director) or has lent money to, provided credit or financial support to, or guaranteed a loan of the business. 13 C.F.R. 127.203(c)(2)
More Details: 13 C.F.R. 127.300(e)(8)
Registration link Present
03-Sole Proprietorship
If you are seeking to qualify as an EDWOSB and your business is a Sole Proprietorship, you must complete and submit the following:
Active registration in the System for Award Management, available at SAM.gov(Note: The concern’s DUNS number and EIN must exactly match SAM registration)
Proof of US citizenship (birth certificate, naturalization paper, or unexpired passport) for owners who are women
A copy of the sole proprietorship’s assumed/fictitious name certificate
A completed and signed IRS Form 4506-T, Request for Tax Transcript, for each woman claiming economic disadvantage and for each such woman’s spouse(*Note)
Copies of the three most recent personal income tax returns (including all schedules), as well as the three most recent W-2’s, for each woman claiming economic disadvantage and each such woman’s spouse (unless they are legally separated)Supporting documentation showing the following for each woman claiming economic disadvantage: all assets (including cash on hand and in banks, accounts and notes receivable, retirement accounts, stocks, bonds, real estate, personal property, life insurance, and any other assets), liabilities (such as loans, mortgages, tax debts, and any other liabilities), and income (including salary, investment income, real estate income, and any other income), A signed copy of the Women-Owned Small Business Program Certification for EDWOSBs
*Note: SBA may consider a spouse’s financial situation in determining whether a woman is economically disadvantaged where the spouse has a role in the business (e.g., an officer, employee or director) or has lent money to, provided credit or financial support to, or guaranteed a loan of the business. 13 C.F.R. 127.203(c)(2)
More Details: 13C.F.R. 127.300(e)(8)
Registration link Present
04-Corporation and S-Corporation
If you are seeking to qualify as an EDWOSB and your business is a Corporation or S Corporation, you must complete and submit the following:
Active registration in the System for Award Management, available at SAM.gov(Note: The concern’s DUNS number and EIN must exactly match SAM registration)
Proof of US citizenship (birth certificate, naturalization paper, or unexpired passport) for owners who are women
A copy of the corporation’s articles of incorporation, and any amendments
A copy of the corporation’s by-laws, and any amendments
Copies of all issued stock certificates, including copies of the front and back, signed in accordance with the by-laws (Note: This also applies to all cancelled stock certificates)
A copy of the corporation’s stock ledger
A copy of any voting agreements, if applicable
A copy of the corporation’s assumed/fictitious name certificate, if applicable
A copy of any joint venture agreements, if applicable
A completed and signed IRS Form 4506-T, Request for Tax Transcript, for each woman claiming economic disadvantage and for each such woman’s spouse(*Note)
Copies of the three most recent personal income tax returns (including all schedules), as well as the three most recent W-2’s, for each woman claiming economic disadvantage and each such woman’s spouse (unless they are legally separated)
Supporting documentation showing the following for each woman claiming economic disadvantage: all assets (including cash on hand and in banks, accounts and notes receivable, retirement accounts, stocks, bonds, real estate, personal property, life insurance, and any other assets), liabilities (such as loans, mortgages, tax debts, and any other liabilities), and income (including salary, investment income, real estate income, and any other income)
A signed copy of the Women-Owned Small Business Program Certification for EDWOSBs
*Note: SBA may consider a spouse’s financial situation in determining whether a woman is economically disadvantaged where the spouse has a role in the business (e.g., an officer, employee or director) or has lent money to, provided credit or financial support to, or guaranteed a loan of the business. 13 C.F.R. 127.203(c)(2)
More Details: 13 C.F.R. 127.300(e)(8)
Registration link Present
]]></system-out>

      <system-err><![CDATA[]]></system-err>

  </testsuite>
  <testsuite errors="0" failures="0" hostname="Test-PC" id="9" name="EDWOSB_Other_Real_State_US649_FM_Staging" package="all_staging_test_runs" skipped="0" tests="1" time="180.561" timestamp="2016-05-05T19:48:52">
      <properties>
[...]
</properties>

      <testcase classname="all_staging_test_runs.EDWOSB_Other_Real_State_US649_FM_Staging" name="EDWOSB_Real_State_Other_MainTest" time="180.503" />

      <system-out><![CDATA[BUSINESS PROFILE Pass
The 8(a) question and select No and continue.
The Third Party Certification question have been answered
The Non-qualification question have been answered
The LLC questions have been answered
The Citizenship & Ownership questions have been answered
The Businesses & Trusts questions have been answered
The Operations & Management questions have been answered
The Expertise & Employment questions have been answered
The Highest Officer & Control  questions have been answered
The SBA Exam & Daily Operations questions have been answered
The Net Worth questions have been answered
The Adjusted Gross Income questions have been answered
The Fair Market Value questions have been answered
The Assets questions have been answered
User is navigated to the Correct section, (Financial Data) - Pass
The personal information for 1st Person
The personal information Before Save:
The page to Create and Add new Record is Present, PASS
First_Name = Sabra
Last_Name = Mabella 
SSN= 495-54-3209
Address_P= 3432 Berugard ST
State= Virginia
Country= USA
City= Alexandria
Zip= 22311
Home_Phone= 703-622-5854
Business_Phone= 703-765-4969
Email_P = Sabra.Mabella@gmail.com
User is navigated to the Correct section, (Cash On Hand) - Pass
Cash On Hand Data Before Save:
AS_of_DATE= 02/01/2016
Cash_On_Hand= 10000
Saving_Account= 50000
Checking_Account= 30000
User is navigated to the Correct section, (Other Sources Of Income) - Pass
Other Sources Of Income for Data:
Salary= 60000
Other_Income= 3000
Business_Equity= 5700
Equity_in_other_firm= 20000
Test Start here Notes Receivable Section
The Notes Receivable page coming, pass
Name_Of_Debtor= Alexander
Address_Of_Debtor= Alexander 2341 DR
Original_Balance= 1200
Current_Balance= 500
Payment_Amount= 150
Secured_or_Endorsed= 350
The page Retirement Accounts, pass
Step 11 - Create new entry window opens - Pass
The page Retirement Accounts Data Before save:
rothira_total_value= 10000.46
rothira_initial_contribution= 3500.82
rothira_investment_company=Fidelity
Create new entry window opens for the Other Retirement
ira_total_value= 2200.30
ira_initial_contribution= 2100.48
ira_investment_company= Vanguard
User is navigated to the Correct section, (Life Insurance) - Pass
The Create new entry coming, pass
The life insurance policy Data Before Save:
Insurance_Company = GEICO
Cash_Surrender_Value = 200
Face_Amount=  500
Beneficiaries = Micale
Loans_Against_Life_Insurance= 1500
 Verify that user is navigated to the Correct section(Stocks & Bonds)
  User is navigated to the Correct section, (Stocks & Bonds) - Pass
The Stocks & Bonds Data before Save:
securities_name= Alphabet Inc
total_value= 3472.55
num_of_shares= 5
cost= 694.72
market_value= 694.98
date=02/24/2016
interest_dividends= 0
User is navigated to the Correct section, (Real Estate - Primary Residence) - Pass
Real Estate - Primary Residence Data Before save:
Address_PR= 5000 K Street NW, Washington DC
PercentageOfownership= 50
PercentageOfmortgage = 50
Real Estate(primary residence) = 10000
MortgageBalance= 5000
CurrentbalanceLean= 1000
Mortgages(Primary Residence) = 10000
Calculated Annually= 11000

		Launch Here US649 Real Estate - Other page
The Real Estate - Other, pass
Real Estate - Other page Data Before Sava:
Step 2 - No was selected and the Continue button was clicked
Step 3 - Personal Property page is displayed - Pass
Step 4 - User is returned to the correct section (Real Estate - Other) - Pass
Step 5 - Locate the Real Estate - Other questions, select Yes to the first question, don't add a row, and click the Continue button.

		Error message will be displayed for those Quetion- Pass
What is the address of your Other Real Estate? 
Is your Other Real Estate jointly owned?
Is your name on the mortgage?
What is the current value of your Other Real Estate?
What is the mortgage balance on your Other Real Estate?
Is there a lien, 2nd mortgage or Home Equity Line of Credit on your Other Real Estate?
Do you receive income from your Other Real Estate (rent, etc.)?
Step 14 - Numeric error messages:
Total Value is a Numeric field - Only numbers are allowed! - Pass
Initial Contribution is a Numeric field - Only numbers are allowed! - Pass
Step 15- Text boxes cleared of data
List your other real estate holdings:, pass
5000 K Street NW, Washington DC 
Percentage_ORE = 50
 PercentageOfmortgage_ORE= 60
Other Real Estate = 15000
Mortgage_Balance_ORE= 10000
Current_Balance_lean_ORE =  1000
Calculated Annually Other Real Estate=  11000.00
User is being navigatd to the financial information(413), Real Estate - Other page, PASS
The primary residence address is not being saved, Faild
What percentage of ownership do you have in your primary residence? is being saved, Pass
What percentage of the mortgage are you responsible for in your primary residence? is being saved, Pass
The current value of your primary residence is not being saved, Faild
The mortgage balance on your primary residence is not being saved, Faild
What is the current balance of the lien(s)? is being saved, Pass
What is the income YOU receive from your primary residence (calculated annually)? is being saved, Pass
Do you own any additional real estate?
Yes
No
List your other real estate holdings:
Remove
What type of Other Real Estate do you own?
  Other Residential
Commercial
Industrial
Land
Other Real Estate
What is the address of your Other Real Estate?
 Is your Other Real Estate jointly owned?
Yes
No
What percentage of ownership do you have in your Other Real Estate?
  %
Is your name on the mortgage?
Yes
No
What percentage of the mortgage are you responsible for in your Other Real Estate?
  %
What is the current value of your Other Real Estate?
$
What is the mortgage balance on your Other Real Estate?
$
Is there a lien, 2nd mortgage or Home Equity Line of Credit on your Other Real Estate?
Yes
No
What is the current balance of the lien(s)?
$
Do you receive income from your Other Real Estate (rent, etc.)?
Yes
No
What is the income YOU receive from your Other Real Estate (calculated annually)?
$


Add
Success: 
]]></system-out>

      <system-err><![CDATA[]]></system-err>

  </testsuite>
  <testsuite errors="0" failures="0" hostname="Test-PC" id="10" name="Edith_Password2_Staging" package="all_staging_test_runs" skipped="0" tests="1" time="64.429" timestamp="2016-05-05T19:46:41">
      <properties>
[...]
</properties>

      <testcase classname="all_staging_test_runs.Edith_Password2_Staging" name="Edith_Password2_Regression_Test_Maintest" time="64.367" />

      <system-out><![CDATA[Successful sign in alert message not present
Edith Password link is present and active, Pass
User is being navigated to the change password page, PASS
Edit Passphrase
Existing passphrase
(we need your current passphrase to confirm your changes)
New passphrase
Show my typing
Passphrase strength - Weak
Your passphrase must be strong to continue.
New passphrase confirmation
Back to My ProfileUpdate
Passphrase
Secure your account by creating a strong passphrase. The passphrase meter will indicate if your passphrase is strong enough. Your passphrase must be “strong” in order to continue the registration. Rollover the help icon for examples of a strong passphrase. You can create a strong passphrase by following these guidelines:
Use 4 random but memorable words
Don’t form a sentence
Don't use previous passphrases
Special characters and numbers are helpful but not necessary
Don’t use personally relevant words that are publicly available (your real name, company name, industry, email/username etc...)
Password strength - Strong
User change password Successfully
Password Update is Successful
]]></system-out>

      <system-err><![CDATA[]]></system-err>

  </testsuite>
  <testsuite errors="0" failures="0" hostname="Test-PC" id="11" name="Edith_Password_Staging" package="all_staging_test_runs" skipped="0" tests="1" time="49.079" timestamp="2016-05-05T19:47:45">
      <properties>
[...]
</properties>

      <testcase classname="all_staging_test_runs.Edith_Password_Staging" name="Edith_Password_Regression_Test_Maintest" time="49.022" />

      <system-out><![CDATA[First attempt to log-in with current password was successful, PASS
Edith Password link is present and active, Pass
User is being navigated to the change password page, PASS
Passphrase strength - Strong
1 error prohibited this user from being saved:
Password confirmation doesn't match Password
Close
Usee sees alert messages requesting user to confirm password or password doesen't match, PASS
Passphrase strength - Weak
User sees alert message saying the password user entered is weak, PASS
User sees alert message saying the password user entered is Better, PASS
Passphrase strength - Better
]]></system-out>

      <system-err><![CDATA[]]></system-err>

  </testsuite>
  <testsuite errors="0" failures="0" hostname="Test-PC" id="12" name="Eight_A_Self_Certify_Answer_Question_and_Attached_Documents_US438_Staging" package="all_staging_test_runs" skipped="0" tests="1" time="72.254" timestamp="2016-05-05T19:51:53">
      <properties>
[...]
</properties>

      <testcase classname="all_staging_test_runs.Eight_A_Self_Certify_Answer_Question_and_Attached_Documents_US438_Staging" name="EDWOSB_Self_Certify_Answer_Question_and_Attached_Documents_Maintest" time="72.195" />

      <system-out><![CDATA[Text Present, Login page validated. Test Pass
file3 copy.png.pdf
Document successfully uploaded, Pass
]]></system-out>

      <system-err><![CDATA[]]></system-err>

  </testsuite>
  <testsuite errors="0" failures="0" hostname="Test-PC" id="13" name="Login_Regression_Test" package="all_staging_test_runs" skipped="0" tests="1" time="33.071" timestamp="2016-05-05T19:53:06">
      <properties>
[...]
</properties>

      <testcase classname="all_staging_test_runs.Login_Regression_Test" name="Login_Regression_Test_mymaintest" time="33.0" />

      <system-out><![CDATA[Login Page present, page validated
Sign-in was successfull
]]></system-out>

      <system-err><![CDATA[]]></system-err>

  </testsuite>
  <testsuite errors="1" failures="0" hostname="Test-PC" id="14" name="Regression_Test_Iteration11_A_B_C_and12_Staging" package="all_staging_test_runs" skipped="0" tests="1" time="75.397" timestamp="2016-05-05T19:53:39">
      <properties>
[...]
</properties>

      <testcase classname="all_staging_test_runs.Regression_Test_Iteration11_A_B_C_and12_Staging" name="Regression_Test_Iteration11_A_B_C_mymaintest" time="75.336">
          <error message="Element is not clickable at point (566.2333374023438, 309.79998779296875). Other element would receive the click: &lt;label data-dte-e=&quot;label&quot; class=&quot;DTE_Label&quot; for=&quot;DTE_Field_country&quot;&gt;&lt;/label&gt;&#xa;Command duration or timeout: 120 milliseconds&#xa;Build info: version: &apos;2.53.0&apos;, revision: &apos;35ae25b&apos;, time: &apos;2016-03-15 16:57:40&apos;&#xa;System info: host: &apos;Test-PC&apos;, ip: &apos;192.168.56.1&apos;, os.name: &apos;Windows 7&apos;, os.arch: &apos;amd64&apos;, os.version: &apos;6.1&apos;, java.version: &apos;1.8.0_77&apos;&#xa;Driver info: org.openqa.selenium.firefox.FirefoxDriver&#xa;Capabilities [{applicationCacheEnabled=true, rotatable=false, handlesAlerts=true, databaseEnabled=true, version=45.0.2, platform=WINDOWS, nativeEvents=false, acceptSslCerts=true, webStorageEnabled=true, locationContextEnabled=true, browserName=firefox, takesScreenshot=true, javascriptEnabled=true, cssSelectorsEnabled=true}]&#xa;Session ID: 6dcf1701-8225-4a6e-abf0-7520ade2eda2" type="org.openqa.selenium.WebDriverException">org.openqa.selenium.WebDriverException: Element is not clickable at point (566.2333374023438, 309.79998779296875). Other element would receive the click: &lt;label data-dte-e=&quot;label&quot; class=&quot;DTE_Label&quot; for=&quot;DTE_Field_country&quot;&gt;&lt;/label&gt;
Command duration or timeout: 120 milliseconds
Build info: version: &apos;2.53.0&apos;, revision: &apos;35ae25b&apos;, time: &apos;2016-03-15 16:57:40&apos;
System info: host: &apos;Test-PC&apos;, ip: &apos;192.168.56.1&apos;, os.name: &apos;Windows 7&apos;, os.arch: &apos;amd64&apos;, os.version: &apos;6.1&apos;, java.version: &apos;1.8.0_77&apos;
Driver info: org.openqa.selenium.firefox.FirefoxDriver
Capabilities [{applicationCacheEnabled=true, rotatable=false, handlesAlerts=true, databaseEnabled=true, version=45.0.2, platform=WINDOWS, nativeEvents=false, acceptSslCerts=true, webStorageEnabled=true, locationContextEnabled=true, browserName=firefox, takesScreenshot=true, javascriptEnabled=true, cssSelectorsEnabled=true}]
Session ID: 6dcf1701-8225-4a6e-abf0-7520ade2eda2
	at java.lang.reflect.Constructor.newInstance(Constructor.java:423)
	at org.openqa.selenium.remote.ErrorHandler.createThrowable(ErrorHandler.java:206)
	at org.openqa.selenium.remote.ErrorHandler.throwIfResponseFailed(ErrorHandler.java:158)
	at org.openqa.selenium.remote.RemoteWebDriver.execute(RemoteWebDriver.java:678)
	at org.openqa.selenium.remote.RemoteWebElement.execute(RemoteWebElement.java:327)
	at org.openqa.selenium.remote.RemoteWebElement.click(RemoteWebElement.java:85)
	at all_staging_test_runs.Regression_Test_Iteration11_A_B_C_and12_Staging.Regression_Test_Iteration11_A_B_C_mymaintest(Regression_Test_Iteration11_A_B_C_and12_Staging.java:278)
</error>

      </testcase>

      <system-out><![CDATA[  8(a) question has been answered
  Third Party questions have been answered
  Business questions have been answered
  Operations questions have been answered
Step 6 - EDWOSB application questions have been answered
the page to Create and Add new Record is Present, PASS
]]></system-out>

      <system-err><![CDATA[]]></system-err>

  </testsuite>
  <testsuite errors="0" failures="0" hostname="Test-PC" id="15" name="US402_EDWOSB_Self_Certifies_Questionnaire_Staging" package="all_staging_test_runs" skipped="0" tests="1" time="60.584" timestamp="2016-05-05T19:54:55">
      <properties>
[...]
</properties>

      <testcase classname="all_staging_test_runs.US402_EDWOSB_Self_Certifies_Questionnaire_Staging" name="EDWOSB_Self_Certifies_Questionnaire_Maintest" time="60.523" />

      <system-out><![CDATA[Text Present, Login page validated. Test Pass
  8(a) question has been answered
  Third Party questions have been answered
  Business questions have been answered
  Operations questions have been answered
User is able to answer all question and get to the financial statement section, Pass
]]></system-out>

      <system-err><![CDATA[]]></system-err>

  </testsuite>
  <testsuite errors="0" failures="0" hostname="Test-PC" id="16" name="US788_Collapse_Navigation_Pane_Corp_EDWOSB" package="all_staging_test_runs" skipped="0" tests="1" time="193.792" timestamp="2016-05-05T19:55:56">
      <properties>
[...]
</properties>

      <testcase classname="all_staging_test_runs.US788_Collapse_Navigation_Pane_Corp_EDWOSB" name="testSmokeLogin" time="193.732" />

      <system-out><![CDATA[Step 1 - URL: https://www.staging-certify.sba.gov/
  Login ID: akanamontana@gmail.com
  Password: Map Effect Applied Funiture 3365
  Click on Login Link and log in
Certification in-progress on the dashboard was deleted
  8(a) question have been answered
  Third Party questions have been answered
  Business questions have been answered
  Operations questions have been answered
Step 2 - EDWOSB application questions have been answered
Step 3 - The page to Create and Add new Record
  The page to Create and Add new Record is present - Pass
Step 4 - Create a second owner record
  The page to Create and Add new Record is present - Pass
  Cash on Hand questions have been answered
  Other Source of Income questions have been answered
User is being navigated to the financial information(413), Notes Receivable page, PASS
  Notes Receivable question has been answered
User is navigated to the Correct section, (Retirement Accounts), PASS
  Retirement Accounts application questions have been answered
User is navigated to the Correct section, (Life Insurance), PASS
  Life Insurance application questions have been answered
Step 5 - Verify that user is navigated to the Correct section(Stocks & Bonds)
  User is navigated to the Correct section, (Stocks & Bonds) - Pass
Step 6 - Locate the Stocks & Bonds questions, select No
Step 7 - Click No for the Real Estate Primary question	
Step 8 - Click No for the Real Estate Other question
Step 9 - Click No for the Personal Property questions
Step 10 - Click No for the Notes Payable questions
Step 11 - Click No for the Assessed Taxes questions
Step 12 - Answer questions for the Adjusted Gross Income
Step 13 - Click the Continue on the Personal Summary page
Step 14 - Click the Continue on the Privacy Statement page
Step 15 - Enter data for second owners Cash on Hand page
Step 16 - Returned to the Dashboard
Certification in-progress on the dashboard was clicked
Step 17 - Verify that user is navigated to the Correct section(Other Sources Of Income)
  User is navigated to the Correct section, (Other Sources Of Income) - Pass

--Expand sections--
Step 18 - Click to expand the Prior Certification section
Step 19 - Verify that the Prior Certification section was expanded
  Prior Certification section expanded - Pass
Step 20 - Click to expand the Third Party Certification section
Step 21 - Verify that the Third Party Certification section was expanded
  Third Party section expanded - Pass
Step 22 - Click to expand the Business section
Step 23 - Verify that the Business section was expanded
  Business section is successfully expanded - Pass
Step 24 - Click to expand the Corporation section
Step 25 - Verify that the Corporation section was expanded
  Corporation section expanded - Pass
Step 26 - Click to expand the Operations section
Step 27 - Verify that the Operations section was expanded
  Operations section expanded - Pass
Step 28 - Click to expand the EDWOSB Group section
Step 29 - Verify that the EDWOSB Group section was expanded
  EDWOSB Group section expanded - Pass

--Collapse sections--
Step 30 - Click to collapse the Third Party Certification section
Step 31 - Verify that the Third Party Certification section was collapsed
  Third Party section collapsed - Pass
Step 32 - Click to collapse the Prior Certification section
Step 33 - Verify that the Prior Certification section was collapsed
  Prior Certification section collapsed - Pass
Step 34 - Click to collapse the Corporation section
Step 35 - Verify that the Corporation section was collapsed
  Corporation section collapsed - Pass
Step 36 - Click to collapse the Business section
Step 37 - Verify that the Business section was collapsed
  Business section collapsed - Pass
Step 38 - Click to collapse the Operations section
Step 39 - Verify that the Operations section was collapsed
  Operations section collapsed - Pass
Step 40 - Click to collapse the EDWOSB Group section
Step 41 - Verify that the EDWOSB Group section was collapsed
  EDWOSB Group section collapsed - Pass
Step 42 - Click to collapse the Financial section for James Thompson
Step 43 - Verify that the Financial section for James Thompson was collapsed
  James Thompson Financial section collapsed - Pass
Step 44 - Click to collapse the Financial section for Peter Smith
Step 45 - Verify that the Financial section for Peter Smith was collapsed
  Peter Smith Financial section collapsed - Pass
Step 46 - Click to expand the Financial section for James Thompson
Step 47 - Verify that the Financial section for James Thompson was expanded
  James Thompson Financial section expanded - Pass
Step 48 - Click to expand the Financial section for Peter Smith
Step 49 - Verify that the Financial section for Peter Smith was expanded
  Peter Smith Financial section expanded - Pass
Step 50 - Returned to the Dashboard
Step 51 - Logout link clicked
END OF TEST
Error: org.junit.ComparisonFailure: expected:<[Third Party]> but was:<[]>org.junit.ComparisonFailure: expected:<[8(a)]> but was:<[]>org.junit.ComparisonFailure: expected:<[Stocks]> but was:<[]>org.junit.ComparisonFailure: expected:<[Corporation & S-Corp]> but was:<[Prior Certification]>org.junit.ComparisonFailure: expected:<[Citizenship & Ownership]> but was:<[]>org.junit.ComparisonFailure: expected:<[Net Worth]> but was:<[]>org.junit.ComparisonFailure: expected:<[Cash On Hand]> but was:<[]>org.junit.ComparisonFailure: expected:<[Cash On Hand]> but was:<[]>
]]></system-out>

      <system-err><![CDATA[]]></system-err>

  </testsuite>
  <testsuite errors="0" failures="0" hostname="Test-PC" id="17" name="US788_Collapse_Navigation_Pane_LLC_WOSB" package="all_staging_test_runs" skipped="0" tests="1" time="85.206" timestamp="2016-05-05T19:59:10">
      <properties>
[...]
</properties>

      <testcase classname="all_staging_test_runs.US788_Collapse_Navigation_Pane_LLC_WOSB" name="testSmokeLogin" time="85.144" />

      <system-out><![CDATA[Step 1 - URL: https://www.staging-certify.sba.gov/
  Login ID: stagingLLC@mailinator.com
  Password: Map Effect Applied Furniture 3365
  Click on Login Link and log in
Certification in-progress on the dashboard was deleted
  8(a) question have been answered
  Third Party questions have been answered
  Business questions have been answered
  Operations questions have been answered
Step 3 - Click the Accept button on the Review page
Step 4 - Returned to the Dashboard
Step 5 - Return to the certification
Certification in-progress on the dashboard was clicked
Step 6 - Verify that user is navigated to the Correct section(Other Sources Of Income)
  User is navigated to the Correct section, (Signature) - Pass

--Expand sections--
Step 7 - Click to expand the Prior Certification section
Step 8 - Verify that the Prior Certification section was expanded
  Prior Certification section expanded - Pass
Step 9 - Click to expand the Third Party Certification section
Step 10 - Verify that the Third Party Certification section was expanded
  Third Party section expanded - Pass
Step 11 - Click to expand the Business section
Step 12 - Verify that the Business section was expanded
  Business section expanded - Pass
Step 13 - Click to expand the Operations section
Step 14 - Verify that the Operations section was expanded
  Operations section expanded - Pass

--Collapse sections--
Step 15 - Click to collapse the Third Party Certification section
Step 16 - Verify that the Third Party Certification section was collapsed
  Third Party section collapsed - Pass
Step 17 - Click to collapse the Prior Certification section
Step 18 - Verify that the Prior Certification section was collapsed
  Prior Certification section collapsed - Pass
Step 19 - Click to collapse the Business section
Step 20 - Verify that the Business section was collapsed
  Business section collapsed - Pass
Step 21 - Click to collapse the Operations section
Step 22 - Verify that the Operations section was collapsed
  Operations section collapsed - Pass
Step 23 - Returned to the Dashboard
Step 24 - Logout link clicked
END OF TEST
Error: org.junit.ComparisonFailure: expected:<[Third Party]> but was:<[]>org.junit.ComparisonFailure: expected:<[8 (a)]> but was:<[]>org.junit.ComparisonFailure: expected:<[LLC]> but was:<[]>org.junit.ComparisonFailure: expected:<[Citizenship & Ownership]> but was:<[]>
]]></system-out>

      <system-err><![CDATA[]]></system-err>

  </testsuite>
</testsuites>
