<?xml version="1.0" encoding="UTF-8" ?>
<testsuite errors="0" failures="0" hostname="Test-PC" name="all_staging_test_runs.EDWASB_Prepare_for_Self_Certification_Staging" skipped="0" tests="1" time="16.32" timestamp="2016-05-05T19:48:35">
  <properties>
[...]
</properties>
  <testcase classname="all_staging_test_runs.EDWASB_Prepare_for_Self_Certification_Staging" name="WOSB_Prepare_for_Self_Certification_Main_test" time="16.259" />
  <system-out><![CDATA[EDWOSB Prepare for Self-Certification page NOT present
Prepare for Self Certification (EDWOSB)
The following checklists provide guidance on the actions that must be taken and the documentation that must be submitted before you can self-certify as an EDWOSB under the WOSB Program. Click on your business type below to view and print the checklist.
Limited Liability Corporation (LLC) (EDWOSB)
Partnership (EDWOSB)
Sole Proprietorship (EDWOSB)
Corporation and S Corporation (EDWOSB)
01-LLC
If you are seeking to qualify as an EDWOSB and your business is an LLC, you must complete and submit the following:
Active registration in the System for Award Management, available at SAM.gov(Note: The concern’s DUNS number and EIN must exactly match SAM registration)
Proof of US citizenship (birth certificate, naturalization paper, or unexpired passport) for owners who are women
A copy of the LLC’s articles of organization (also referred to as certificate of organization, or articles of formation), and any amendments
A copy of the LLC’s operating agreement, and any amendments
A copy of the LLC’s assumed/fictitious name certificate, if applicable
A copy of any joint venture agreements, if applicable
A completed and signed IRS Form 4506-T, Request for Tax Transcript, for each woman claiming economic disadvantage and for each such woman’s spouse(*Note)
Copies of the three most recent personal income tax returns (including all schedules), as well as the three most recent W-2’s, for each woman claiming economic disadvantage and each such woman’s spouse (unless they are legally separated)
Supporting documentation showing the following for each woman claiming economic disadvantage: all assets (including cash on hand and in banks, accounts and notes receivable, retirement accounts, stocks, bonds, real estate, personal property, life insurance, and any other assets), liabilities (such as loans, mortgages, tax debts, and any other liabilities), and income (including salary, investment income, real estate income, and any other income),
A signed copy of the Women-Owned Small Business Program Certification for EDWOSBs
*Note: SBA may consider a spouse’s financial situation in determining whether a woman is economically disadvantaged where the spouse has a role in the business (e.g., an officer, employee or director) or has lent money to, provided credit or financial support to, or guaranteed a loan of the business. 13 C.F.R. 127.203(c)(2)
More Details: 13 C.F.R. 127.300(e)(8)
Registration link Present
02-Partnership
If you are seeking to qualify as an EDWOSB and your business is an LLC, you must complete and submit the following:
Active registration in the System for Award Management, available at SAM.gov(Note: The concern’s DUNS number and EIN must exactly match SAM registration)
Proof of US citizenship (birth certificate, naturalization paper, or unexpired passport) for owners who are women
A copy of the LLC’s articles of organization (also referred to as certificate of organization, or articles of formation), and any amendments
A copy of the LLC’s operating agreement, and any amendments
A copy of the LLC’s assumed/fictitious name certificate, if applicable
A copy of any joint venture agreements, if applicable
A completed and signed IRS Form 4506-T, Request for Tax Transcript, for each woman claiming economic disadvantage and for each such woman’s spouse(*Note)
Copies of the three most recent personal income tax returns (including all schedules), as well as the three most recent W-2’s, for each woman claiming economic disadvantage and each such woman’s spouse (unless they are legally separated)
Supporting documentation showing the following for each woman claiming economic disadvantage: all assets (including cash on hand and in banks, accounts and notes receivable, retirement accounts, stocks, bonds, real estate, personal property, life insurance, and any other assets), liabilities (such as loans, mortgages, tax debts, and any other liabilities), and income (including salary, investment income, real estate income, and any other income),
A signed copy of the Women-Owned Small Business Program Certification for EDWOSBs
*Note: SBA may consider a spouse’s financial situation in determining whether a woman is economically disadvantaged where the spouse has a role in the business (e.g., an officer, employee or director) or has lent money to, provided credit or financial support to, or guaranteed a loan of the business. 13 C.F.R. 127.203(c)(2)
More Details: 13 C.F.R. 127.300(e)(8)
Registration link Present
03-Sole Proprietorship
If you are seeking to qualify as an EDWOSB and your business is a Sole Proprietorship, you must complete and submit the following:
Active registration in the System for Award Management, available at SAM.gov(Note: The concern’s DUNS number and EIN must exactly match SAM registration)
Proof of US citizenship (birth certificate, naturalization paper, or unexpired passport) for owners who are women
A copy of the sole proprietorship’s assumed/fictitious name certificate
A completed and signed IRS Form 4506-T, Request for Tax Transcript, for each woman claiming economic disadvantage and for each such woman’s spouse(*Note)
Copies of the three most recent personal income tax returns (including all schedules), as well as the three most recent W-2’s, for each woman claiming economic disadvantage and each such woman’s spouse (unless they are legally separated)Supporting documentation showing the following for each woman claiming economic disadvantage: all assets (including cash on hand and in banks, accounts and notes receivable, retirement accounts, stocks, bonds, real estate, personal property, life insurance, and any other assets), liabilities (such as loans, mortgages, tax debts, and any other liabilities), and income (including salary, investment income, real estate income, and any other income), A signed copy of the Women-Owned Small Business Program Certification for EDWOSBs
*Note: SBA may consider a spouse’s financial situation in determining whether a woman is economically disadvantaged where the spouse has a role in the business (e.g., an officer, employee or director) or has lent money to, provided credit or financial support to, or guaranteed a loan of the business. 13 C.F.R. 127.203(c)(2)
More Details: 13C.F.R. 127.300(e)(8)
Registration link Present
04-Corporation and S-Corporation
If you are seeking to qualify as an EDWOSB and your business is a Corporation or S Corporation, you must complete and submit the following:
Active registration in the System for Award Management, available at SAM.gov(Note: The concern’s DUNS number and EIN must exactly match SAM registration)
Proof of US citizenship (birth certificate, naturalization paper, or unexpired passport) for owners who are women
A copy of the corporation’s articles of incorporation, and any amendments
A copy of the corporation’s by-laws, and any amendments
Copies of all issued stock certificates, including copies of the front and back, signed in accordance with the by-laws (Note: This also applies to all cancelled stock certificates)
A copy of the corporation’s stock ledger
A copy of any voting agreements, if applicable
A copy of the corporation’s assumed/fictitious name certificate, if applicable
A copy of any joint venture agreements, if applicable
A completed and signed IRS Form 4506-T, Request for Tax Transcript, for each woman claiming economic disadvantage and for each such woman’s spouse(*Note)
Copies of the three most recent personal income tax returns (including all schedules), as well as the three most recent W-2’s, for each woman claiming economic disadvantage and each such woman’s spouse (unless they are legally separated)
Supporting documentation showing the following for each woman claiming economic disadvantage: all assets (including cash on hand and in banks, accounts and notes receivable, retirement accounts, stocks, bonds, real estate, personal property, life insurance, and any other assets), liabilities (such as loans, mortgages, tax debts, and any other liabilities), and income (including salary, investment income, real estate income, and any other income)
A signed copy of the Women-Owned Small Business Program Certification for EDWOSBs
*Note: SBA may consider a spouse’s financial situation in determining whether a woman is economically disadvantaged where the spouse has a role in the business (e.g., an officer, employee or director) or has lent money to, provided credit or financial support to, or guaranteed a loan of the business. 13 C.F.R. 127.203(c)(2)
More Details: 13 C.F.R. 127.300(e)(8)
Registration link Present
]]></system-out>
  <system-err><![CDATA[]]></system-err>
</testsuite>
