<?xml version="1.0" encoding="UTF-8" ?>
<testsuite errors="1" failures="0" hostname="Test-PC" name="all_production_test.US861_SBA_Analyst_View_More_Info_About_Vendor" skipped="0" tests="1" time="14.514" timestamp="2016-05-02T19:02:28">
  <properties>
[...]
</properties>
  <testcase classname="all_production_test.US861_SBA_Analyst_View_More_Info_About_Vendor" name="US861_SBA_Analyst_View_More_Info_About_Vendor_MainTest" time="14.451">
    <error message="Unable to locate element: {&quot;method&quot;:&quot;xpath&quot;,&quot;selector&quot;:&quot;.//*[@id=&apos;query&apos;]&quot;}&#xa;Command duration or timeout: 24 milliseconds&#xa;For documentation on this error, please visit: http://seleniumhq.org/exceptions/no_such_element.html&#xa;Build info: version: &apos;2.53.0&apos;, revision: &apos;35ae25b&apos;, time: &apos;2016-03-15 16:57:40&apos;&#xa;System info: host: &apos;Test-PC&apos;, ip: &apos;192.168.56.1&apos;, os.name: &apos;Windows 7&apos;, os.arch: &apos;amd64&apos;, os.version: &apos;6.1&apos;, java.version: &apos;1.8.0_77&apos;&#xa;Driver info: org.openqa.selenium.firefox.FirefoxDriver&#xa;Capabilities [{applicationCacheEnabled=true, rotatable=false, handlesAlerts=true, databaseEnabled=true, version=45.0.2, platform=WINDOWS, nativeEvents=false, acceptSslCerts=true, webStorageEnabled=true, locationContextEnabled=true, browserName=firefox, takesScreenshot=true, javascriptEnabled=true, cssSelectorsEnabled=true}]&#xa;Session ID: 8a441681-5178-4016-a6e9-87f837a4586f&#xa;*** Element info: {Using=xpath, value=.//*[@id=&apos;query&apos;]}" type="org.openqa.selenium.NoSuchElementException">org.openqa.selenium.NoSuchElementException: Unable to locate element: {&quot;method&quot;:&quot;xpath&quot;,&quot;selector&quot;:&quot;.//*[@id=&apos;query&apos;]&quot;}
Command duration or timeout: 24 milliseconds
For documentation on this error, please visit: http://seleniumhq.org/exceptions/no_such_element.html
Build info: version: &apos;2.53.0&apos;, revision: &apos;35ae25b&apos;, time: &apos;2016-03-15 16:57:40&apos;
System info: host: &apos;Test-PC&apos;, ip: &apos;192.168.56.1&apos;, os.name: &apos;Windows 7&apos;, os.arch: &apos;amd64&apos;, os.version: &apos;6.1&apos;, java.version: &apos;1.8.0_77&apos;
Driver info: org.openqa.selenium.firefox.FirefoxDriver
Capabilities [{applicationCacheEnabled=true, rotatable=false, handlesAlerts=true, databaseEnabled=true, version=45.0.2, platform=WINDOWS, nativeEvents=false, acceptSslCerts=true, webStorageEnabled=true, locationContextEnabled=true, browserName=firefox, takesScreenshot=true, javascriptEnabled=true, cssSelectorsEnabled=true}]
Session ID: 8a441681-5178-4016-a6e9-87f837a4586f
*** Element info: {Using=xpath, value=.//*[@id=&apos;query&apos;]}
	at java.lang.reflect.Constructor.newInstance(Constructor.java:423)
	at org.openqa.selenium.remote.ErrorHandler.createThrowable(ErrorHandler.java:206)
	at org.openqa.selenium.remote.ErrorHandler.throwIfResponseFailed(ErrorHandler.java:158)
	at org.openqa.selenium.remote.RemoteWebDriver.execute(RemoteWebDriver.java:678)
	at org.openqa.selenium.remote.RemoteWebDriver.findElement(RemoteWebDriver.java:363)
	at org.openqa.selenium.remote.RemoteWebDriver.findElementByXPath(RemoteWebDriver.java:500)
	at org.openqa.selenium.By$ByXPath.findElement(By.java:361)
	at org.openqa.selenium.remote.RemoteWebDriver.findElement(RemoteWebDriver.java:355)
	at all_production_test.US861_SBA_Analyst_View_More_Info_About_Vendor.US861_SBA_Analyst_View_More_Info_About_Vendor_MainTest(US861_SBA_Analyst_View_More_Info_About_Vendor.java:62)
Caused by: org.openqa.selenium.NoSuchElementException: Unable to locate element: {&quot;method&quot;:&quot;xpath&quot;,&quot;selector&quot;:&quot;.//*[@id=&apos;query&apos;]&quot;}
For documentation on this error, please visit: http://seleniumhq.org/exceptions/no_such_element.html
Build info: version: &apos;2.53.0&apos;, revision: &apos;35ae25b&apos;, time: &apos;2016-03-15 16:57:40&apos;
System info: host: &apos;Test-PC&apos;, ip: &apos;192.168.56.1&apos;, os.name: &apos;Windows 7&apos;, os.arch: &apos;amd64&apos;, os.version: &apos;6.1&apos;, java.version: &apos;1.8.0_77&apos;
Driver info: driver.version: unknown
	at &lt;anonymous class&gt;.FirefoxDriver.prototype.findElementInternal_(file:///C:/Users/DERECN~1/AppData/Local/Temp/anonymous562843363524566597webdriver-profile/extensions/fxdriver@googlecode.com/components/driver-component.js:10770)
	at &lt;anonymous class&gt;.FirefoxDriver.prototype.findElement(file:///C:/Users/DERECN~1/AppData/Local/Temp/anonymous562843363524566597webdriver-profile/extensions/fxdriver@googlecode.com/components/driver-component.js:10779)
	at &lt;anonymous class&gt;.DelayedCommand.prototype.executeInternal_/h(file:///C:/Users/DERECN~1/AppData/Local/Temp/anonymous562843363524566597webdriver-profile/extensions/fxdriver@googlecode.com/components/command-processor.js:12661)
	at &lt;anonymous class&gt;.DelayedCommand.prototype.executeInternal_(file:///C:/Users/DERECN~1/AppData/Local/Temp/anonymous562843363524566597webdriver-profile/extensions/fxdriver@googlecode.com/components/command-processor.js:12666)
	at &lt;anonymous class&gt;.DelayedCommand.prototype.execute/&lt;(file:///C:/Users/DERECN~1/AppData/Local/Temp/anonymous562843363524566597webdriver-profile/extensions/fxdriver@googlecode.com/components/command-processor.js:12608)
</error>
  </testcase>
  <system-out><![CDATA[Successful sign in alert message not present
]]></system-out>
  <system-err><![CDATA[]]></system-err>
</testsuite>
