<?xml version="1.0" encoding="UTF-8" ?>
<testsuite errors="1" failures="0" hostname="Test-PC" name="regression_for_2_1_4_release.Regression_Test_Iteration11_A_B_C" skipped="0" tests="1" time="301.432" timestamp="2016-04-29T13:33:53">
  <properties>
[...]
</properties>
  <testcase classname="regression_for_2_1_4_release.Regression_Test_Iteration11_A_B_C" name="Regression_Test_Iteration11_A_B_C_mymaintest" time="301.375">
    <error message="Element is not clickable at point (583.1000061035156, 18.199996948242188). Other element would receive the click: &lt;div&gt;&lt;/div&gt;&#xa;Command duration or timeout: 165 milliseconds&#xa;Build info: version: &apos;2.53.0&apos;, revision: &apos;35ae25b&apos;, time: &apos;2016-03-15 16:57:40&apos;&#xa;System info: host: &apos;Test-PC&apos;, ip: &apos;10.1.10.141&apos;, os.name: &apos;Windows 7&apos;, os.arch: &apos;amd64&apos;, os.version: &apos;6.1&apos;, java.version: &apos;1.8.0_91&apos;&#xa;Driver info: org.openqa.selenium.firefox.FirefoxDriver&#xa;Capabilities [{applicationCacheEnabled=true, rotatable=false, handlesAlerts=true, databaseEnabled=true, version=45.0.2, platform=WINDOWS, nativeEvents=false, acceptSslCerts=true, webStorageEnabled=true, locationContextEnabled=true, browserName=firefox, takesScreenshot=true, javascriptEnabled=true, cssSelectorsEnabled=true}]&#xa;Session ID: f3dd3026-017d-43e7-8ddb-df1dd4a01383" type="org.openqa.selenium.WebDriverException">org.openqa.selenium.WebDriverException: Element is not clickable at point (583.1000061035156, 18.199996948242188). Other element would receive the click: &lt;div&gt;&lt;/div&gt;
Command duration or timeout: 165 milliseconds
Build info: version: &apos;2.53.0&apos;, revision: &apos;35ae25b&apos;, time: &apos;2016-03-15 16:57:40&apos;
System info: host: &apos;Test-PC&apos;, ip: &apos;10.1.10.141&apos;, os.name: &apos;Windows 7&apos;, os.arch: &apos;amd64&apos;, os.version: &apos;6.1&apos;, java.version: &apos;1.8.0_91&apos;
Driver info: org.openqa.selenium.firefox.FirefoxDriver
Capabilities [{applicationCacheEnabled=true, rotatable=false, handlesAlerts=true, databaseEnabled=true, version=45.0.2, platform=WINDOWS, nativeEvents=false, acceptSslCerts=true, webStorageEnabled=true, locationContextEnabled=true, browserName=firefox, takesScreenshot=true, javascriptEnabled=true, cssSelectorsEnabled=true}]
Session ID: f3dd3026-017d-43e7-8ddb-df1dd4a01383
	at java.lang.reflect.Constructor.newInstance(Unknown Source)
	at org.openqa.selenium.remote.ErrorHandler.createThrowable(ErrorHandler.java:206)
	at org.openqa.selenium.remote.ErrorHandler.throwIfResponseFailed(ErrorHandler.java:158)
	at org.openqa.selenium.remote.RemoteWebDriver.execute(RemoteWebDriver.java:678)
	at org.openqa.selenium.remote.RemoteWebElement.execute(RemoteWebElement.java:327)
	at org.openqa.selenium.remote.RemoteWebElement.click(RemoteWebElement.java:85)
	at regression_for_2_1_4_release.Regression_Test_Iteration11_A_B_C.Regression_Test_Iteration11_A_B_C_mymaintest(Regression_Test_Iteration11_A_B_C.java:769)
</error>
  </testcase>
  <system-out><![CDATA[  8(a) question has been answered
  Third Party questions have been answered
  Business questions have been answered
  Operations questions have been answered
Step 6 - EDWOSB application questions have been answered
the page to Create and Add new Record is Present, PASS
User is prompted to enter Atleast one row  field or to select no if not applicable. Valid error Message is 
User is being navigated to the Personal Property section, PASS
User is being navigated to the 'Notes Payable' section on the form 413, Pass
US660 'Assessed Taxes' test begin here
User successfully navigated to the section 'Assessed Taxes' on Form 413, Pass
Assessed Taxes question; 'Do you have any Assessed Taxes that were unpaid?' is present, Pass
Assessed taxes data tabl is present, Pass
Assessed taxes data tabl is present for question 'Do you have any other liabilities?', Pass
User successfully navigated to the Summary Page on form413, Pass
Detail test for the Privacy Statements section for Paul Washington on form413 begins here
Pual Washington successfully navigated to the Privacy Statements Page on form413, Pass
Privacy Act (5 U.S.C. 552a)Any person can request to see or get copies of any personal information that SBA has in his or her file when that file is retrieved by individual identifiers such as name or social security numbers. Requests for information about another party may be denied unless SBA has the written permission of the individual to release the information to the requestor or unless the information is subject to disclosure under the Freedom of Information Act.
Under the provisions of the Privacy Act, you are not required to provide your social security number. Failure to provide your social security number may not affect any right, benefit or privilege to which you are entitled. Disclosures of name and other personal identifiers are, however, required for a benefit, as SBA requires an individual seeking assistance from SBA to provide it with sufficient information for it to make a character determination. In determining whether an individual is of good character, SBA considers the person’s integrity, candor, and disposition toward criminal actions. For all forms of assistance SBA is authorized to make all investigations necessary to ensure that a person has not engaged in acts that violate or will violate the Act or the Small Business Investment Act, 15 USC Sections 634(b)(11) and 687(b)(a), respectively. For these purposes, you are asked to voluntarily provide your social security number to assist SBA in making a character determination and to distinguish you from other individuals with the same or similar name or other personal identifier.
The Privacy Act authorizes SBA to make certain “routine uses” of information protected by that Act. One such routine use is the disclosure of information maintained in SBA’s investigative files system of records when this information indicates a violation or potential violation of law, whether civil, criminal, or administrative in nature. Specifically, SBA may refer the information to the appropriate agency, whether Federal, State, local or foreign, charged with responsibility for, or otherwise involved in investigation, prosecution, enforcement or prevention of such violations. Another routine use is disclosure to other Federal agencies conducting background checks; only to the extent the information is relevant to the requesting agencies' function. See, 74 F.R. 14890 (2009), and as amended from time to time for additional background and other routine uses.
Freedom of Information Act (5 U.S.C. 552)-- This law provides, with some exceptions, that SBA must supply information reflected in agency files and records to a person requesting it. Information about approved loans that will be automatically released includes, among other things, statistics on our loan programs (individual borrowers are not identified in the statistics) and other information such as the names of the borrowers (and their officers, directors, stockholders or partners), the collateral pledged to secure the loan, the amount of the loan, its purpose in general terms and the maturity. Proprietary data on a borrower would not routinely be made available to third parties. All requests under this Act are to be addressed to the nearest SBA office and be identified as a Freedom of Information request.
Executive Order 12549, Debarment and Suspension (13 C.F.R. 145)The prospective lower tier participant certifies, by submission of the application for program participation (or participant’s annual update) that neither it nor its principals are presently debarred, suspended, proposed for debarment, declared ineligible, or voluntarily excluded from participation in this transaction by any Federal department or agency. Where the prospective lower tier participant (or active participant) is unable to certify to any of the statements in this certification, such participants shall attach an explanation.
-the page to Create and Add new Record is Present, PASS
-User2 successfully navigated to the cash on hand section on form413, Pass
-User2 Personal Information entered on form413 are being successfully saved, Pass
-Pual Washington successfully navigated to the Privacy Statements Page on form413, Pass
-Danzel Washington is being prompted to enter his financial information, Pass
-Danzel Washington Successfully navigated to the Cash On Hand Section on Form413, Pass
User is prompted to enter Atleast one row  field or to select no if not applicable. Valid error Message is 
]]></system-out>
  <system-err><![CDATA[]]></system-err>
</testsuite>
