<?xml version="1.0" encoding="UTF-8" ?>
<testsuites>
  <testsuite errors="0" failures="0" hostname="Test-PC" id="0" name="Am_I_Eligible_Csenario2_Regression" package="regression_for_2_1_4_release" skipped="0" tests="1" time="64.54" timestamp="2016-05-20T13:35:28">
      <properties>
[...]
</properties>

      <testcase classname="regression_for_2_1_4_release.Am_I_Eligible_Csenario2_Regression" name="AM_I_Eligible_maintest" time="64.477" />

      <system-out><![CDATA[-Test script 1, Scenario 2: WOSB Program Eligibility - Low Fidelity Failure Due to 'NO' for questions one
Text present, home page validated step 1 and 2 pass
Introduction page of SBA Women-Owned Small Business Requirement not validated
-Question one
Are you a US Citizen?
Yes
No
Details
A Citizen means a person born or naturalized in the United States. Resident ailens and holders of permanent visas are not considered to be citizens. 13 C.F.R. 127.102
A Citizen means a person born or naturalized in the United States. Resident ailens and holders of permanent visas are not considered to be citizens. 13 C.F.R. 127.102
-Question two
Do you and/or other women own and control at least 51% of the business?
Yes
No
Details
To qualify for the WOSB Program, one or more women mustunconditionally and directly own and controlat least 51 percent of the business and be U.S. citizen(s).

In general, the 51 percentownershipmay not be through another business entity or trusts (including stock ownership plan), executory agreements, or other arrangements that cause or potentially cause ownership benefits to go to another. See 13 C.F.R. 127.201 for additional information.

Controlby one or more women means that both the long-term decision making and the day-to-day management and administration of the business operations are controlled by women. See 13 C.F.R. 127.202 for additional information.
To qualify for the WOSB Program, one or more women mustunconditionally and directly own and controlat least 51 percent of the business and be U.S. citizen(s).

In general, the 51 percentownershipmay not be through another business entity or trusts (including stock ownership plan), executory agreements, or other arrangements that cause or potentially cause ownership benefits to go to another. See 13 C.F.R. 127.201 for additional information.

Controlby one or more women means that both the long-term decision making and the day-to-day management and administration of the business operations are controlled by women. See 13 C.F.R. 127.202 for additional information.
-Question Three
Enter the NAICS Code in which your business operates
Details
The federal government may restrict competition under the WOSB Program only in certain industries. 13 C.F.R. 127.500. SBA has designated those industries applicable to the WOSB Program by North American Industry Classification System (NAICS) code. If a contract is not assigned one of those designated NAICS codes, the contract cannot be set-aside under the WOSB Program.

The most recent list of NAICS codes applicable to the WOSB Program can be found at SBA’s website atSBA.gov/WOSB

If you do not know the NAICS code(s) in which your business operates, please review the NAICS manual available athttp://www.census.gov
The federal government may restrict competition under the WOSB Program only in certain industries. 13 C.F.R. 127.500. SBA has designated those industries applicable to the WOSB Program by North American Industry Classification System (NAICS) code. If a contract is not assigned one of those designated NAICS codes, the contract cannot be set-aside under the WOSB Program.

The most recent list of NAICS codes applicable to the WOSB Program can be found at SBA’s website atSBA.gov/WOSB

If you do not know the NAICS code(s) in which your business operates, please review the NAICS manual available athttp://www.census.gov
-Question Four
Are you economically disadvantaged?
Yes
No
Details
To qualify as an EDWOSB, a business must be at least 51 percent owned by one or more womenwho are economically disadvantaged. The determination of whether a woman iseconomically disadvantagedrequires an evaluation of her total assets, her net worth, and her personal income for the past three years. To be considered an economically disadvantaged woman, the woman must meet all three of the thresholds described below:

The woman's total assets must be valued at less than $6M. This calculation is based on the fair market value of all assets, including the woman’s primary residence and the value of the business concern. However, the calculation excludes funds invested in an Individual Retirement Account or other official retirement account that are unavailable until retirement age without a significant penalty.

The woman’s net worth must be less than $750K. This calculation excludes the woman’s ownership interest in the concern and her equity interest in her primary personal residence.

The woman’s personal income must be less than $350K. This calculation is based on the woman’s annual adjusted gross income averaged over the last three years.
To qualify as an EDWOSB, a business must be at least 51 percent owned by one or more womenwho are economically disadvantaged. The determination of whether a woman iseconomically disadvantagedrequires an evaluation of her total assets, her net worth, and her personal income for the past three years. To be considered an economically disadvantaged woman, the woman must meet all three of the thresholds described below:

The woman's total assets must be valued at less than $6M. This calculation is based on the fair market value of all assets, including the woman’s primary residence and the value of the business concern. However, the calculation excludes funds invested in an Individual Retirement Account or other official retirement account that are unavailable until retirement age without a significant penalty.

The woman’s net worth must be less than $750K. This calculation excludes the woman’s ownership interest in the concern and her equity interest in her primary personal residence.

The woman’s personal income must be less than $350K. This calculation is based on the woman’s annual adjusted gross income averaged over the last three years.
Test Pass at this point
Please enter 6 digit NAICS code
Negative test validated
Am I Eligible?
Based on your answers, you may not be eligible for:
Women-Owned Small Business

    Possible reason(s) for ineligibility:
You indicated that you are not a US citizen
The NAICS code entered does not appear on the list of designated industries in which WOSB Program set-asides are authorized. As such, be advised that federal contracts currently cannot be set-aside under the WOSB Program in this industry. However, this does not preclude you from certifying as a WOSB or EDWOSB if you meet the requirements of the WOSB Program.
Economically Disadvantaged Women-Owned Small Business

    Possible reason(s) for ineligibility:
You indicated that you are not a US citizen
You indicated that you are not considered economically disadvantaged
The NAICS code entered does not appear on the list of designated industries in which WOSB Program set-asides are authorized. As such, be advised that federal contracts currently cannot be set-aside under the WOSB Program in this industry. However, this does not preclude you from certifying as a WOSB or EDWOSB if you meet the requirements of the WOSB Program.
For more information, please contact the SBAWOSB Program Office or the SBASBA Women's Business Center
]]></system-out>

      <system-err><![CDATA[]]></system-err>

  </testsuite>
  <testsuite errors="0" failures="0" hostname="Test-PC" id="1" name="Am_I_Eligible_Scenario10_Regression" package="regression_for_2_1_4_release" skipped="0" tests="1" time="39.44" timestamp="2016-05-20T13:36:33">
      <properties>
[...]
</properties>

      <testcase classname="regression_for_2_1_4_release.Am_I_Eligible_Scenario10_Regression" name="AM_I_Eligible_maintest" time="39.373" />

      <system-out><![CDATA[-Test script 1, Scenario 10: User should NOT be eligible for either WOSB or EDWASB program (result page should not be shown after clicking on Check Eligibility
Text present, home page validated to contain the Am I Eligible link step 1 and 2 pass
Introduction page of SBA Women-Owned Small Business Requirement not validated
-Question one
Are you a US Citizen?
Yes
No
Details
A Citizen means a person born or naturalized in the United States. Resident ailens and holders of permanent visas are not considered to be citizens. 13 C.F.R. 127.102
A Citizen means a person born or naturalized in the United States. Resident ailens and holders of permanent visas are not considered to be citizens. 13 C.F.R. 127.102
-Question two
Do you and/or other women own and control at least 51% of the business?
Yes
No
Details
To qualify for the WOSB Program, one or more women mustunconditionally and directly own and controlat least 51 percent of the business and be U.S. citizen(s).

In general, the 51 percentownershipmay not be through another business entity or trusts (including stock ownership plan), executory agreements, or other arrangements that cause or potentially cause ownership benefits to go to another. See 13 C.F.R. 127.201 for additional information.

Controlby one or more women means that both the long-term decision making and the day-to-day management and administration of the business operations are controlled by women. See 13 C.F.R. 127.202 for additional information.
To qualify for the WOSB Program, one or more women mustunconditionally and directly own and controlat least 51 percent of the business and be U.S. citizen(s).

In general, the 51 percentownershipmay not be through another business entity or trusts (including stock ownership plan), executory agreements, or other arrangements that cause or potentially cause ownership benefits to go to another. See 13 C.F.R. 127.201 for additional information.

Controlby one or more women means that both the long-term decision making and the day-to-day management and administration of the business operations are controlled by women. See 13 C.F.R. 127.202 for additional information.
-Question Three
Enter the NAICS Code in which your business operates
Details
The federal government may restrict competition under the WOSB Program only in certain industries. 13 C.F.R. 127.500. SBA has designated those industries applicable to the WOSB Program by North American Industry Classification System (NAICS) code. If a contract is not assigned one of those designated NAICS codes, the contract cannot be set-aside under the WOSB Program.

The most recent list of NAICS codes applicable to the WOSB Program can be found at SBA’s website atSBA.gov/WOSB

If you do not know the NAICS code(s) in which your business operates, please review the NAICS manual available athttp://www.census.gov
The federal government may restrict competition under the WOSB Program only in certain industries. 13 C.F.R. 127.500. SBA has designated those industries applicable to the WOSB Program by North American Industry Classification System (NAICS) code. If a contract is not assigned one of those designated NAICS codes, the contract cannot be set-aside under the WOSB Program.

The most recent list of NAICS codes applicable to the WOSB Program can be found at SBA’s website atSBA.gov/WOSB

If you do not know the NAICS code(s) in which your business operates, please review the NAICS manual available athttp://www.census.gov
-Question Four
Are you economically disadvantaged?
Yes
No
Details
To qualify as an EDWOSB, a business must be at least 51 percent owned by one or more womenwho are economically disadvantaged. The determination of whether a woman iseconomically disadvantagedrequires an evaluation of her total assets, her net worth, and her personal income for the past three years. To be considered an economically disadvantaged woman, the woman must meet all three of the thresholds described below:

The woman's total assets must be valued at less than $6M. This calculation is based on the fair market value of all assets, including the woman’s primary residence and the value of the business concern. However, the calculation excludes funds invested in an Individual Retirement Account or other official retirement account that are unavailable until retirement age without a significant penalty.

The woman’s net worth must be less than $750K. This calculation excludes the woman’s ownership interest in the concern and her equity interest in her primary personal residence.

The woman’s personal income must be less than $350K. This calculation is based on the woman’s annual adjusted gross income averaged over the last three years.
To qualify as an EDWOSB, a business must be at least 51 percent owned by one or more womenwho are economically disadvantaged. The determination of whether a woman iseconomically disadvantagedrequires an evaluation of her total assets, her net worth, and her personal income for the past three years. To be considered an economically disadvantaged woman, the woman must meet all three of the thresholds described below:

The woman's total assets must be valued at less than $6M. This calculation is based on the fair market value of all assets, including the woman’s primary residence and the value of the business concern. However, the calculation excludes funds invested in an Individual Retirement Account or other official retirement account that are unavailable until retirement age without a significant penalty.

The woman’s net worth must be less than $750K. This calculation excludes the woman’s ownership interest in the concern and her equity interest in her primary personal residence.

The woman’s personal income must be less than $350K. This calculation is based on the woman’s annual adjusted gross income averaged over the last three years.
Test Pass at this point
-User should NOT be eligible for either WOSB or EDWASB program (result page should not be shown after clicking on Check Eligibility
-Alert message present, users are pront to answer the required qestions. PASS
]]></system-out>

      <system-err><![CDATA[]]></system-err>

  </testsuite>
  <testsuite errors="0" failures="0" hostname="Test-PC" id="2" name="Am_I_Eligible_Scenario11_Regression" package="regression_for_2_1_4_release" skipped="0" tests="1" time="35.35" timestamp="2016-05-20T13:27:07">
      <properties>
[...]
</properties>

      <testcase classname="regression_for_2_1_4_release.Am_I_Eligible_Scenario11_Regression" name="AM_I_Eligible_maintest" time="35.275" />

      <system-out><![CDATA[-Test script 1, Scenario 11:User should NOT be eligible for either EDWOSB or WOSB program
Text present, home page validated to contain the Am i Eligible link, step 1 and 2 pass
Introduction page of SBA Women-Owned Small Business Requirement not validated
Questionnaire Page present
Am I Eligible?
Based on your answers, you may not be eligible for:
Women-Owned Small Business

    Possible reason(s) for ineligibility:
You indicated that you are not a US citizen
You indicated that you and/or other women do not own at least 51% of business
Economically Disadvantaged Women-Owned Small Business

    Possible reason(s) for ineligibility:
You indicated that you are not a US citizen
You indicated that you and/or other women do not own at least 51% of business
You indicated that you are not considered economically disadvantaged
The NAICS code entered does not appear on the list of designated industries in which WOSB Program set-asides are authorized. As such, be advised that federal contracts currently cannot be set-aside under the WOSB Program in this industry. However, this does not preclude you from certifying as a WOSB or EDWOSB if you meet the requirements of the WOSB Program.
For more information, please contact the SBAWOSB Program Office or the SBASBA Women's Business Center
]]></system-out>

      <system-err><![CDATA[]]></system-err>

  </testsuite>
  <testsuite errors="0" failures="0" hostname="Test-PC" id="3" name="Am_I_Eligible_Scenario3_Regression" package="regression_for_2_1_4_release" skipped="0" tests="1" time="58.074" timestamp="2016-05-20T13:37:13">
      <properties>
[...]
</properties>

      <testcase classname="regression_for_2_1_4_release.Am_I_Eligible_Scenario3_Regression" name="AM_I_Eligible_maintest" time="58.009" />

      <system-out><![CDATA[-Test script 1, Scenario 3: WOSB Program Eligibility - Low Fidelity Failure Due to 'NO' for all the questions and an invalid NAICS
Text present, home page validated step 1 and 2 pass
Introduction page of SBA Women-Owned Small Business Requirement not validated
-Question one
Are you a US Citizen?
Yes
No
Details
A Citizen means a person born or naturalized in the United States. Resident ailens and holders of permanent visas are not considered to be citizens. 13 C.F.R. 127.102
A Citizen means a person born or naturalized in the United States. Resident ailens and holders of permanent visas are not considered to be citizens. 13 C.F.R. 127.102
-Question two
Do you and/or other women own and control at least 51% of the business?
Yes
No
Details
To qualify for the WOSB Program, one or more women mustunconditionally and directly own and controlat least 51 percent of the business and be U.S. citizen(s).

In general, the 51 percentownershipmay not be through another business entity or trusts (including stock ownership plan), executory agreements, or other arrangements that cause or potentially cause ownership benefits to go to another. See 13 C.F.R. 127.201 for additional information.

Controlby one or more women means that both the long-term decision making and the day-to-day management and administration of the business operations are controlled by women. See 13 C.F.R. 127.202 for additional information.
To qualify for the WOSB Program, one or more women mustunconditionally and directly own and controlat least 51 percent of the business and be U.S. citizen(s).

In general, the 51 percentownershipmay not be through another business entity or trusts (including stock ownership plan), executory agreements, or other arrangements that cause or potentially cause ownership benefits to go to another. See 13 C.F.R. 127.201 for additional information.

Controlby one or more women means that both the long-term decision making and the day-to-day management and administration of the business operations are controlled by women. See 13 C.F.R. 127.202 for additional information.
-Question Three
Enter the NAICS Code in which your business operates
Details
The federal government may restrict competition under the WOSB Program only in certain industries. 13 C.F.R. 127.500. SBA has designated those industries applicable to the WOSB Program by North American Industry Classification System (NAICS) code. If a contract is not assigned one of those designated NAICS codes, the contract cannot be set-aside under the WOSB Program.

The most recent list of NAICS codes applicable to the WOSB Program can be found at SBA’s website atSBA.gov/WOSB

If you do not know the NAICS code(s) in which your business operates, please review the NAICS manual available athttp://www.census.gov
The federal government may restrict competition under the WOSB Program only in certain industries. 13 C.F.R. 127.500. SBA has designated those industries applicable to the WOSB Program by North American Industry Classification System (NAICS) code. If a contract is not assigned one of those designated NAICS codes, the contract cannot be set-aside under the WOSB Program.

The most recent list of NAICS codes applicable to the WOSB Program can be found at SBA’s website atSBA.gov/WOSB

If you do not know the NAICS code(s) in which your business operates, please review the NAICS manual available athttp://www.census.gov
-Question Four
Are you economically disadvantaged?
Yes
No
Details
To qualify as an EDWOSB, a business must be at least 51 percent owned by one or more womenwho are economically disadvantaged. The determination of whether a woman iseconomically disadvantagedrequires an evaluation of her total assets, her net worth, and her personal income for the past three years. To be considered an economically disadvantaged woman, the woman must meet all three of the thresholds described below:

The woman's total assets must be valued at less than $6M. This calculation is based on the fair market value of all assets, including the woman’s primary residence and the value of the business concern. However, the calculation excludes funds invested in an Individual Retirement Account or other official retirement account that are unavailable until retirement age without a significant penalty.

The woman’s net worth must be less than $750K. This calculation excludes the woman’s ownership interest in the concern and her equity interest in her primary personal residence.

The woman’s personal income must be less than $350K. This calculation is based on the woman’s annual adjusted gross income averaged over the last three years.
To qualify as an EDWOSB, a business must be at least 51 percent owned by one or more womenwho are economically disadvantaged. The determination of whether a woman iseconomically disadvantagedrequires an evaluation of her total assets, her net worth, and her personal income for the past three years. To be considered an economically disadvantaged woman, the woman must meet all three of the thresholds described below:

The woman's total assets must be valued at less than $6M. This calculation is based on the fair market value of all assets, including the woman’s primary residence and the value of the business concern. However, the calculation excludes funds invested in an Individual Retirement Account or other official retirement account that are unavailable until retirement age without a significant penalty.

The woman’s net worth must be less than $750K. This calculation excludes the woman’s ownership interest in the concern and her equity interest in her primary personal residence.

The woman’s personal income must be less than $350K. This calculation is based on the woman’s annual adjusted gross income averaged over the last three years.
Test Pass at this point
Am I Eligible?
Based on your answers, you may not be eligible for:
Women-Owned Small Business

    Possible reason(s) for ineligibility:
You indicated that you are not a US citizen
You indicated that you and/or other women do not own at least 51% of business
The NAICS code entered does not appear on the list of designated industries in which WOSB Program set-asides are authorized. As such, be advised that federal contracts currently cannot be set-aside under the WOSB Program in this industry. However, this does not preclude you from certifying as a WOSB or EDWOSB if you meet the requirements of the WOSB Program.
Economically Disadvantaged Women-Owned Small Business

    Possible reason(s) for ineligibility:
You indicated that you are not a US citizen
You indicated that you and/or other women do not own at least 51% of business
You indicated that you are not considered economically disadvantaged
The NAICS code entered does not appear on the list of designated industries in which WOSB Program set-asides are authorized. As such, be advised that federal contracts currently cannot be set-aside under the WOSB Program in this industry. However, this does not preclude you from certifying as a WOSB or EDWOSB if you meet the requirements of the WOSB Program.
For more information, please contact the SBAWOSB Program Office or the SBASBA Women's Business Center
]]></system-out>

      <system-err><![CDATA[]]></system-err>

  </testsuite>
  <testsuite errors="0" failures="0" hostname="Test-PC" id="4" name="Am_I_Eligible_Scenario4_Regression" package="regression_for_2_1_4_release" skipped="0" tests="1" time="58.383" timestamp="2016-05-20T13:38:11">
      <properties>
[...]
</properties>

      <testcase classname="regression_for_2_1_4_release.Am_I_Eligible_Scenario4_Regression" name="AM_I_Eligible_maintest" time="58.317" />

      <system-out><![CDATA[-Test script 1, Scenario 4: WOSB Program Eligibility - Low Fidelity Failure Due to an invalid NAICS code
Text present, home page validated step 1 and 2 pass
Introduction page of SBA Women-Owned Small Business Requirement not validated
-Question one
Are you a US Citizen?
Yes
No
Details
A Citizen means a person born or naturalized in the United States. Resident ailens and holders of permanent visas are not considered to be citizens. 13 C.F.R. 127.102
A Citizen means a person born or naturalized in the United States. Resident ailens and holders of permanent visas are not considered to be citizens. 13 C.F.R. 127.102
-Question two
Do you and/or other women own and control at least 51% of the business?
Yes
No
Details
To qualify for the WOSB Program, one or more women mustunconditionally and directly own and controlat least 51 percent of the business and be U.S. citizen(s).

In general, the 51 percentownershipmay not be through another business entity or trusts (including stock ownership plan), executory agreements, or other arrangements that cause or potentially cause ownership benefits to go to another. See 13 C.F.R. 127.201 for additional information.

Controlby one or more women means that both the long-term decision making and the day-to-day management and administration of the business operations are controlled by women. See 13 C.F.R. 127.202 for additional information.
To qualify for the WOSB Program, one or more women mustunconditionally and directly own and controlat least 51 percent of the business and be U.S. citizen(s).

In general, the 51 percentownershipmay not be through another business entity or trusts (including stock ownership plan), executory agreements, or other arrangements that cause or potentially cause ownership benefits to go to another. See 13 C.F.R. 127.201 for additional information.

Controlby one or more women means that both the long-term decision making and the day-to-day management and administration of the business operations are controlled by women. See 13 C.F.R. 127.202 for additional information.
-Question Three
Enter the NAICS Code in which your business operates
Details
The federal government may restrict competition under the WOSB Program only in certain industries. 13 C.F.R. 127.500. SBA has designated those industries applicable to the WOSB Program by North American Industry Classification System (NAICS) code. If a contract is not assigned one of those designated NAICS codes, the contract cannot be set-aside under the WOSB Program.

The most recent list of NAICS codes applicable to the WOSB Program can be found at SBA’s website atSBA.gov/WOSB

If you do not know the NAICS code(s) in which your business operates, please review the NAICS manual available athttp://www.census.gov
The federal government may restrict competition under the WOSB Program only in certain industries. 13 C.F.R. 127.500. SBA has designated those industries applicable to the WOSB Program by North American Industry Classification System (NAICS) code. If a contract is not assigned one of those designated NAICS codes, the contract cannot be set-aside under the WOSB Program.

The most recent list of NAICS codes applicable to the WOSB Program can be found at SBA’s website atSBA.gov/WOSB

If you do not know the NAICS code(s) in which your business operates, please review the NAICS manual available athttp://www.census.gov
-Question Four
Are you economically disadvantaged?
Yes
No
Details
To qualify as an EDWOSB, a business must be at least 51 percent owned by one or more womenwho are economically disadvantaged. The determination of whether a woman iseconomically disadvantagedrequires an evaluation of her total assets, her net worth, and her personal income for the past three years. To be considered an economically disadvantaged woman, the woman must meet all three of the thresholds described below:

The woman's total assets must be valued at less than $6M. This calculation is based on the fair market value of all assets, including the woman’s primary residence and the value of the business concern. However, the calculation excludes funds invested in an Individual Retirement Account or other official retirement account that are unavailable until retirement age without a significant penalty.

The woman’s net worth must be less than $750K. This calculation excludes the woman’s ownership interest in the concern and her equity interest in her primary personal residence.

The woman’s personal income must be less than $350K. This calculation is based on the woman’s annual adjusted gross income averaged over the last three years.
To qualify as an EDWOSB, a business must be at least 51 percent owned by one or more womenwho are economically disadvantaged. The determination of whether a woman iseconomically disadvantagedrequires an evaluation of her total assets, her net worth, and her personal income for the past three years. To be considered an economically disadvantaged woman, the woman must meet all three of the thresholds described below:

The woman's total assets must be valued at less than $6M. This calculation is based on the fair market value of all assets, including the woman’s primary residence and the value of the business concern. However, the calculation excludes funds invested in an Individual Retirement Account or other official retirement account that are unavailable until retirement age without a significant penalty.

The woman’s net worth must be less than $750K. This calculation excludes the woman’s ownership interest in the concern and her equity interest in her primary personal residence.

The woman’s personal income must be less than $350K. This calculation is based on the woman’s annual adjusted gross income averaged over the last three years.
Test Pass at this point
Am I Eligible?
Based on your answers, you may be eligible for:
Women-Owned Small Business
The NAICS code entered does not appear on the list of designated industries in which WOSB Program set-asides are authorized. As such, be advised that federal contracts currently cannot be set-aside under the WOSB Program in this industry. However, this does not preclude you from certifying as a WOSB or EDWOSB if you meet the requirements of the WOSB Program.
Am I Eligible?
Based on your answers, you may not be eligible for:
Economically Disadvantaged Women-Owned Small Business

    Possible reason(s) for ineligibility:
You indicated that you are not considered economically disadvantaged
The NAICS code entered does not appear on the list of designated industries in which WOSB Program set-asides are authorized. As such, be advised that federal contracts currently cannot be set-aside under the WOSB Program in this industry. However, this does not preclude you from certifying as a WOSB or EDWOSB if you meet the requirements of the WOSB Program.
For more information, please contact the SBAWOSB Program Office or the SBASBA Women's Business Center
Click on your business type below to view a checklist of the documents you may need to submit:
Women-Owned Small Business (WOSB)
LLC
Partnership Agreement
Sole Proprietorship
Corporation or S Corporation
]]></system-out>

      <system-err><![CDATA[]]></system-err>

  </testsuite>
  <testsuite errors="0" failures="0" hostname="Test-PC" id="5" name="Am_I_Eligible_Scenario5_Regression" package="regression_for_2_1_4_release" skipped="0" tests="1" time="53.602" timestamp="2016-05-20T13:39:10">
      <properties>
[...]
</properties>

      <testcase classname="regression_for_2_1_4_release.Am_I_Eligible_Scenario5_Regression" name="AM_I_Eligible_maintest" time="53.531" />

      <system-out><![CDATA[-Test script 1, Scenario 5: WOSB Program Eligibility - Low Fidelity Failure Due to omition of the NAICS Code 
Text present, home page validated step 1 and 2 pass
Introduction page of SBA Women-Owned Small Business Requirement not validated
-Question one
Are you a US Citizen?
Yes
No
Details
A Citizen means a person born or naturalized in the United States. Resident ailens and holders of permanent visas are not considered to be citizens. 13 C.F.R. 127.102
A Citizen means a person born or naturalized in the United States. Resident ailens and holders of permanent visas are not considered to be citizens. 13 C.F.R. 127.102
-Question two
Do you and/or other women own and control at least 51% of the business?
Yes
No
Details
To qualify for the WOSB Program, one or more women mustunconditionally and directly own and controlat least 51 percent of the business and be U.S. citizen(s).

In general, the 51 percentownershipmay not be through another business entity or trusts (including stock ownership plan), executory agreements, or other arrangements that cause or potentially cause ownership benefits to go to another. See 13 C.F.R. 127.201 for additional information.

Controlby one or more women means that both the long-term decision making and the day-to-day management and administration of the business operations are controlled by women. See 13 C.F.R. 127.202 for additional information.
To qualify for the WOSB Program, one or more women mustunconditionally and directly own and controlat least 51 percent of the business and be U.S. citizen(s).

In general, the 51 percentownershipmay not be through another business entity or trusts (including stock ownership plan), executory agreements, or other arrangements that cause or potentially cause ownership benefits to go to another. See 13 C.F.R. 127.201 for additional information.

Controlby one or more women means that both the long-term decision making and the day-to-day management and administration of the business operations are controlled by women. See 13 C.F.R. 127.202 for additional information.
-Question Three
Enter the NAICS Code in which your business operates
Details
The federal government may restrict competition under the WOSB Program only in certain industries. 13 C.F.R. 127.500. SBA has designated those industries applicable to the WOSB Program by North American Industry Classification System (NAICS) code. If a contract is not assigned one of those designated NAICS codes, the contract cannot be set-aside under the WOSB Program.

The most recent list of NAICS codes applicable to the WOSB Program can be found at SBA’s website atSBA.gov/WOSB

If you do not know the NAICS code(s) in which your business operates, please review the NAICS manual available athttp://www.census.gov
The federal government may restrict competition under the WOSB Program only in certain industries. 13 C.F.R. 127.500. SBA has designated those industries applicable to the WOSB Program by North American Industry Classification System (NAICS) code. If a contract is not assigned one of those designated NAICS codes, the contract cannot be set-aside under the WOSB Program.

The most recent list of NAICS codes applicable to the WOSB Program can be found at SBA’s website atSBA.gov/WOSB

If you do not know the NAICS code(s) in which your business operates, please review the NAICS manual available athttp://www.census.gov
-Question Four
Are you economically disadvantaged?
Yes
No
Details
To qualify as an EDWOSB, a business must be at least 51 percent owned by one or more womenwho are economically disadvantaged. The determination of whether a woman iseconomically disadvantagedrequires an evaluation of her total assets, her net worth, and her personal income for the past three years. To be considered an economically disadvantaged woman, the woman must meet all three of the thresholds described below:

The woman's total assets must be valued at less than $6M. This calculation is based on the fair market value of all assets, including the woman’s primary residence and the value of the business concern. However, the calculation excludes funds invested in an Individual Retirement Account or other official retirement account that are unavailable until retirement age without a significant penalty.

The woman’s net worth must be less than $750K. This calculation excludes the woman’s ownership interest in the concern and her equity interest in her primary personal residence.

The woman’s personal income must be less than $350K. This calculation is based on the woman’s annual adjusted gross income averaged over the last three years.
To qualify as an EDWOSB, a business must be at least 51 percent owned by one or more womenwho are economically disadvantaged. The determination of whether a woman iseconomically disadvantagedrequires an evaluation of her total assets, her net worth, and her personal income for the past three years. To be considered an economically disadvantaged woman, the woman must meet all three of the thresholds described below:

The woman's total assets must be valued at less than $6M. This calculation is based on the fair market value of all assets, including the woman’s primary residence and the value of the business concern. However, the calculation excludes funds invested in an Individual Retirement Account or other official retirement account that are unavailable until retirement age without a significant penalty.

The woman’s net worth must be less than $750K. This calculation excludes the woman’s ownership interest in the concern and her equity interest in her primary personal residence.

The woman’s personal income must be less than $350K. This calculation is based on the woman’s annual adjusted gross income averaged over the last three years.
Test Pass at this point
Csenario 5  omited NAICS Code test validated
Omited answer box alert activated, negative Csenario 5 pass
]]></system-out>

      <system-err><![CDATA[]]></system-err>

  </testsuite>
  <testsuite errors="0" failures="0" hostname="Test-PC" id="6" name="Am_I_Eligible_Scenario6_Regression" package="regression_for_2_1_4_release" skipped="0" tests="1" time="42.271" timestamp="2016-05-20T13:40:04">
      <properties>
[...]
</properties>

      <testcase classname="regression_for_2_1_4_release.Am_I_Eligible_Scenario6_Regression" name="AM_I_Eligible_maintest" time="42.208" />

      <system-out><![CDATA[-Test script 1, Scenario 6: WOSB Program Eligibility - Low Fidelity Failure Due to failure to answer the last question
Users should not be able to navigate to the next page to check eligibility baut should see an alert to answer the omited question as a required fild 
Text present, home page validated step 1 and 2 pass
Introduction page of SBA Women-Owned Small Business Requirement not validated
-Question one
Are you a US Citizen?
Yes
No
Details
A Citizen means a person born or naturalized in the United States. Resident ailens and holders of permanent visas are not considered to be citizens. 13 C.F.R. 127.102
A Citizen means a person born or naturalized in the United States. Resident ailens and holders of permanent visas are not considered to be citizens. 13 C.F.R. 127.102
-Question two
Do you and/or other women own and control at least 51% of the business?
Yes
No
Details
To qualify for the WOSB Program, one or more women mustunconditionally and directly own and controlat least 51 percent of the business and be U.S. citizen(s).

In general, the 51 percentownershipmay not be through another business entity or trusts (including stock ownership plan), executory agreements, or other arrangements that cause or potentially cause ownership benefits to go to another. See 13 C.F.R. 127.201 for additional information.

Controlby one or more women means that both the long-term decision making and the day-to-day management and administration of the business operations are controlled by women. See 13 C.F.R. 127.202 for additional information.
To qualify for the WOSB Program, one or more women mustunconditionally and directly own and controlat least 51 percent of the business and be U.S. citizen(s).

In general, the 51 percentownershipmay not be through another business entity or trusts (including stock ownership plan), executory agreements, or other arrangements that cause or potentially cause ownership benefits to go to another. See 13 C.F.R. 127.201 for additional information.

Controlby one or more women means that both the long-term decision making and the day-to-day management and administration of the business operations are controlled by women. See 13 C.F.R. 127.202 for additional information.
-Question Three
Enter the NAICS Code in which your business operates
Details
The federal government may restrict competition under the WOSB Program only in certain industries. 13 C.F.R. 127.500. SBA has designated those industries applicable to the WOSB Program by North American Industry Classification System (NAICS) code. If a contract is not assigned one of those designated NAICS codes, the contract cannot be set-aside under the WOSB Program.

The most recent list of NAICS codes applicable to the WOSB Program can be found at SBA’s website atSBA.gov/WOSB

If you do not know the NAICS code(s) in which your business operates, please review the NAICS manual available athttp://www.census.gov
The federal government may restrict competition under the WOSB Program only in certain industries. 13 C.F.R. 127.500. SBA has designated those industries applicable to the WOSB Program by North American Industry Classification System (NAICS) code. If a contract is not assigned one of those designated NAICS codes, the contract cannot be set-aside under the WOSB Program.

The most recent list of NAICS codes applicable to the WOSB Program can be found at SBA’s website atSBA.gov/WOSB

If you do not know the NAICS code(s) in which your business operates, please review the NAICS manual available athttp://www.census.gov
-Question Four
Are you economically disadvantaged?
Yes
No
Details
To qualify as an EDWOSB, a business must be at least 51 percent owned by one or more womenwho are economically disadvantaged. The determination of whether a woman iseconomically disadvantagedrequires an evaluation of her total assets, her net worth, and her personal income for the past three years. To be considered an economically disadvantaged woman, the woman must meet all three of the thresholds described below:

The woman's total assets must be valued at less than $6M. This calculation is based on the fair market value of all assets, including the woman’s primary residence and the value of the business concern. However, the calculation excludes funds invested in an Individual Retirement Account or other official retirement account that are unavailable until retirement age without a significant penalty.

The woman’s net worth must be less than $750K. This calculation excludes the woman’s ownership interest in the concern and her equity interest in her primary personal residence.

The woman’s personal income must be less than $350K. This calculation is based on the woman’s annual adjusted gross income averaged over the last three years.
To qualify as an EDWOSB, a business must be at least 51 percent owned by one or more womenwho are economically disadvantaged. The determination of whether a woman iseconomically disadvantagedrequires an evaluation of her total assets, her net worth, and her personal income for the past three years. To be considered an economically disadvantaged woman, the woman must meet all three of the thresholds described below:

The woman's total assets must be valued at less than $6M. This calculation is based on the fair market value of all assets, including the woman’s primary residence and the value of the business concern. However, the calculation excludes funds invested in an Individual Retirement Account or other official retirement account that are unavailable until retirement age without a significant penalty.

The woman’s net worth must be less than $750K. This calculation excludes the woman’s ownership interest in the concern and her equity interest in her primary personal residence.

The woman’s personal income must be less than $350K. This calculation is based on the woman’s annual adjusted gross income averaged over the last three years.
Test Pass at this point
Question four was skip to validat scenario 6
Alert for omitted question present 'Please Answer this question', users are unable to navigate to the next page Scenario 6 Pass
]]></system-out>

      <system-err><![CDATA[]]></system-err>

  </testsuite>
  <testsuite errors="0" failures="0" hostname="Test-PC" id="7" name="Am_I_Eligible_Scenario7_Regression" package="regression_for_2_1_4_release" skipped="0" tests="1" time="35.792" timestamp="2016-05-20T13:40:47">
      <properties>
[...]
</properties>

      <testcase classname="regression_for_2_1_4_release.Am_I_Eligible_Scenario7_Regression" name="AM_I_Eligible_maintest" time="35.73" />

      <system-out><![CDATA[-Test script 1, Scenario 7:User should not be eligible for the WOSB or EDWOSB program b/c user answer No for question two
Text present, home page validated step 1 and 2 pass
Introduction page of SBA Women-Owned Small Business Requirement not validated
Questionnaire Page present
Am I Eligible?
Based on your answers, you may not be eligible for:
Women-Owned Small Business

    Possible reason(s) for ineligibility:
You indicated that you and/or other women do not own at least 51% of business
The NAICS code entered does not appear on the list of designated industries in which WOSB Program set-asides are authorized. As such, be advised that federal contracts currently cannot be set-aside under the WOSB Program in this industry. However, this does not preclude you from certifying as a WOSB or EDWOSB if you meet the requirements of the WOSB Program.
Economically Disadvantaged Women-Owned Small Business

    Possible reason(s) for ineligibility:
You indicated that you and/or other women do not own at least 51% of business
You indicated that you are not considered economically disadvantaged
The NAICS code entered does not appear on the list of designated industries in which WOSB Program set-asides are authorized. As such, be advised that federal contracts currently cannot be set-aside under the WOSB Program in this industry. However, this does not preclude you from certifying as a WOSB or EDWOSB if you meet the requirements of the WOSB Program.
For more information, please contact the SBAWOSB Program Office or the SBASBA Women's Business Center
]]></system-out>

      <system-err><![CDATA[]]></system-err>

  </testsuite>
  <testsuite errors="0" failures="0" hostname="Test-PC" id="8" name="Am_I_Eligible_TC1_Scenario8_WOSB_Regression_Success" package="regression_for_2_1_4_release" skipped="0" tests="1" time="35.15" timestamp="2016-05-20T13:41:23">
      <properties>
[...]
</properties>

      <testcase classname="regression_for_2_1_4_release.Am_I_Eligible_TC1_Scenario8_WOSB_Regression_Success" name="AM_I_Eligible_maintest" time="35.087" />

      <system-out><![CDATA[-Test script 1, Scenario 7:User should be eligible for the EDWOSB program and not WOSB Program
Text present, home page validated step 1 and 2 pass
Introduction page of SBA Women-Owned Small Business Requirement not validated
Questionnaire Page present
Am I Eligible?
Based on your answers, you may be eligible for:
Women-Owned Small Business

Economically Disadvantaged Women-Owned Small Business
The NAICS code entered does not appear on the list of designated industries in which WOSB Program set-asides are authorized. As such, be advised that federal contracts currently cannot be set-aside under the WOSB Program in this industry. However, this does not preclude you from certifying as a WOSB or EDWOSB if you meet the requirements of the WOSB Program.
Click on your business type below to view a checklist of the documents you may need to submit:
Women-Owned Small Business (WOSB)
LLC
Partnership Agreement
Sole Proprietorship
Corporation or S Corporation
Economically Disadvantaged Women-Owned Small Business (EDWOSB)
LLC
Partnership Agreement
Sole Proprietorship
Corporation or S Corporation
]]></system-out>

      <system-err><![CDATA[]]></system-err>

  </testsuite>
  <testsuite errors="0" failures="0" hostname="Test-PC" id="9" name="Am_I_Eligibles_Scenario_1_Possitive_Regression" package="regression_for_2_1_4_release" skipped="0" tests="1" time="60.163" timestamp="2016-05-20T13:41:59">
      <properties>
[...]
</properties>

      <testcase classname="regression_for_2_1_4_release.Am_I_Eligibles_Scenario_1_Possitive_Regression" name="AM_I_Eligible_maintest" time="60.095" />

      <system-out><![CDATA[-Test script 1, Scenario 1: User should be eligible for the WOSB program 
Text present, home page validated step 1 and 2 pass
Introduction page of SBA Women-Owned Small Business Requirement not validated
-Question one
Are you a US Citizen?
Yes
No
Details
A Citizen means a person born or naturalized in the United States. Resident ailens and holders of permanent visas are not considered to be citizens. 13 C.F.R. 127.102
A Citizen means a person born or naturalized in the United States. Resident ailens and holders of permanent visas are not considered to be citizens. 13 C.F.R. 127.102
-Question two
Do you and/or other women own and control at least 51% of the business?
Yes
No
Details
To qualify for the WOSB Program, one or more women mustunconditionally and directly own and controlat least 51 percent of the business and be U.S. citizen(s).

In general, the 51 percentownershipmay not be through another business entity or trusts (including stock ownership plan), executory agreements, or other arrangements that cause or potentially cause ownership benefits to go to another. See 13 C.F.R. 127.201 for additional information.

Controlby one or more women means that both the long-term decision making and the day-to-day management and administration of the business operations are controlled by women. See 13 C.F.R. 127.202 for additional information.
To qualify for the WOSB Program, one or more women mustunconditionally and directly own and controlat least 51 percent of the business and be U.S. citizen(s).

In general, the 51 percentownershipmay not be through another business entity or trusts (including stock ownership plan), executory agreements, or other arrangements that cause or potentially cause ownership benefits to go to another. See 13 C.F.R. 127.201 for additional information.

Controlby one or more women means that both the long-term decision making and the day-to-day management and administration of the business operations are controlled by women. See 13 C.F.R. 127.202 for additional information.
-Question Three
Enter the NAICS Code in which your business operates
Details
The federal government may restrict competition under the WOSB Program only in certain industries. 13 C.F.R. 127.500. SBA has designated those industries applicable to the WOSB Program by North American Industry Classification System (NAICS) code. If a contract is not assigned one of those designated NAICS codes, the contract cannot be set-aside under the WOSB Program.

The most recent list of NAICS codes applicable to the WOSB Program can be found at SBA’s website atSBA.gov/WOSB

If you do not know the NAICS code(s) in which your business operates, please review the NAICS manual available athttp://www.census.gov
The federal government may restrict competition under the WOSB Program only in certain industries. 13 C.F.R. 127.500. SBA has designated those industries applicable to the WOSB Program by North American Industry Classification System (NAICS) code. If a contract is not assigned one of those designated NAICS codes, the contract cannot be set-aside under the WOSB Program.

The most recent list of NAICS codes applicable to the WOSB Program can be found at SBA’s website atSBA.gov/WOSB

If you do not know the NAICS code(s) in which your business operates, please review the NAICS manual available athttp://www.census.gov
-Question Four
Are you economically disadvantaged?
Yes
No
Details
To qualify as an EDWOSB, a business must be at least 51 percent owned by one or more womenwho are economically disadvantaged. The determination of whether a woman iseconomically disadvantagedrequires an evaluation of her total assets, her net worth, and her personal income for the past three years. To be considered an economically disadvantaged woman, the woman must meet all three of the thresholds described below:

The woman's total assets must be valued at less than $6M. This calculation is based on the fair market value of all assets, including the woman’s primary residence and the value of the business concern. However, the calculation excludes funds invested in an Individual Retirement Account or other official retirement account that are unavailable until retirement age without a significant penalty.

The woman’s net worth must be less than $750K. This calculation excludes the woman’s ownership interest in the concern and her equity interest in her primary personal residence.

The woman’s personal income must be less than $350K. This calculation is based on the woman’s annual adjusted gross income averaged over the last three years.
To qualify as an EDWOSB, a business must be at least 51 percent owned by one or more womenwho are economically disadvantaged. The determination of whether a woman iseconomically disadvantagedrequires an evaluation of her total assets, her net worth, and her personal income for the past three years. To be considered an economically disadvantaged woman, the woman must meet all three of the thresholds described below:

The woman's total assets must be valued at less than $6M. This calculation is based on the fair market value of all assets, including the woman’s primary residence and the value of the business concern. However, the calculation excludes funds invested in an Individual Retirement Account or other official retirement account that are unavailable until retirement age without a significant penalty.

The woman’s net worth must be less than $750K. This calculation excludes the woman’s ownership interest in the concern and her equity interest in her primary personal residence.

The woman’s personal income must be less than $350K. This calculation is based on the woman’s annual adjusted gross income averaged over the last three years.
Test Pass at this point
Please enter 6 digit NAICS code
Negative test validated
Am I Eligible?
Based on your answers, you may be eligible for:
Women-Owned Small Business

Am I Eligible?
Based on your answers, you may not be eligible for:
Economically Disadvantaged Women-Owned Small Business

    Possible reason(s) for ineligibility:
You indicated that you are not considered economically disadvantaged
The NAICS code entered does not appear on the list of designated industries in which WOSB Program set-asides are authorized. As such, be advised that federal contracts currently cannot be set-aside under the WOSB Program in this industry. However, this does not preclude you from certifying as a WOSB or EDWOSB if you meet the requirements of the WOSB Program.
For more information, please contact the SBAWOSB Program Office or the SBASBA Women's Business Center
Click on your business type below to view a checklist of the documents you may need to submit:
Women-Owned Small Business (WOSB)
LLC
Partnership Agreement
Sole Proprietorship
Corporation or S Corporation
]]></system-out>

      <system-err><![CDATA[]]></system-err>

  </testsuite>
  <testsuite errors="0" failures="0" hostname="Test-PC" id="10" name="Analyst_search_View_vendors_Record_Regression" package="regression_for_2_1_4_release" skipped="0" tests="1" time="52.216" timestamp="2016-05-20T13:42:59">
      <properties>
[...]
</properties>

      <testcase classname="regression_for_2_1_4_release.Analyst_search_View_vendors_Record_Regression" name="Analyst_search_View_vendors_Record_Regression_Maintest" time="52.15" />

      <system-out><![CDATA[Successful sign in alert message not present
DBA:Entity 37 DBA Name
Gov Business Contact:SAM MERICA
DUNS:275276652
Email:something@sam.gov
Phone:5555555555
Business Type:s-corp

Address:
Entity 37 Address Line 1
WASHINGTON, DC 20004

Certifications:
EDWOSB
The view certification button by analyst is active and working correctly, Pass
The view certification button by analyst is active and working correctly, Pass
]]></system-out>

      <system-err><![CDATA[]]></system-err>

  </testsuite>
  <testsuite errors="0" failures="0" hostname="Test-PC" id="11" name="EDWASB_Prepare_for_Self_Certification_Regression" package="regression_for_2_1_4_release" skipped="0" tests="1" time="21.989" timestamp="2016-05-20T13:46:09">
      <properties>
[...]
</properties>

      <testcase classname="regression_for_2_1_4_release.EDWASB_Prepare_for_Self_Certification_Regression" name="WOSB_Prepare_for_Self_Certification_Main_test" time="21.925" />

      <system-out><![CDATA[EDWOSB Prepare for Self-Certification page NOT present
Prepare for Self Certification (EDWOSB)
The following checklists provide guidance on the actions that must be taken and the documentation that must be submitted before you can self-certify as an EDWOSB under the WOSB Program. Click on your business type below to view and print the checklist.
Limited Liability Corporation (LLC) (EDWOSB)
Partnership (EDWOSB)
Sole Proprietorship (EDWOSB)
Corporation and S Corporation (EDWOSB)
01-LLC
If you are seeking to qualify as an EDWOSB and your business is an LLC, you must complete and submit the following:
Active registration in the System for Award Management, available at SAM.gov(Note: The concern’s DUNS number and EIN must exactly match SAM registration)
Proof of US citizenship (birth certificate, naturalization paper, or unexpired passport) for owners who are women
A copy of the LLC’s articles of organization (also referred to as certificate of organization, or articles of formation), and any amendments
A copy of the LLC’s operating agreement, and any amendments
A copy of the LLC’s assumed/fictitious name certificate, if applicable
A copy of any joint venture agreements, if applicable
A completed and signed IRS Form 4506-T, Request for Tax Transcript, for each woman claiming economic disadvantage and for each such woman’s spouse(*Note)
Copies of the three most recent personal income tax returns (including all schedules), as well as the three most recent W-2’s, for each woman claiming economic disadvantage and each such woman’s spouse (unless they are legally separated)
Supporting documentation showing the following for each woman claiming economic disadvantage: all assets (including cash on hand and in banks, accounts and notes receivable, retirement accounts, stocks, bonds, real estate, personal property, life insurance, and any other assets), liabilities (such as loans, mortgages, tax debts, and any other liabilities), and income (including salary, investment income, real estate income, and any other income),
A signed copy of the Women-Owned Small Business Program Certification for EDWOSBs
*Note: SBA may consider a spouse’s financial situation in determining whether a woman is economically disadvantaged where the spouse has a role in the business (e.g., an officer, employee or director) or has lent money to, provided credit or financial support to, or guaranteed a loan of the business. 13 C.F.R. 127.203(c)(2)
More Details: 13 C.F.R. 127.300(e)(8)
Registration link Present
02-Partnership
If you are seeking to qualify as an EDWOSB and your business is an LLC, you must complete and submit the following:
Active registration in the System for Award Management, available at SAM.gov(Note: The concern’s DUNS number and EIN must exactly match SAM registration)
Proof of US citizenship (birth certificate, naturalization paper, or unexpired passport) for owners who are women
A copy of the LLC’s articles of organization (also referred to as certificate of organization, or articles of formation), and any amendments
A copy of the LLC’s operating agreement, and any amendments
A copy of the LLC’s assumed/fictitious name certificate, if applicable
A copy of any joint venture agreements, if applicable
A completed and signed IRS Form 4506-T, Request for Tax Transcript, for each woman claiming economic disadvantage and for each such woman’s spouse(*Note)
Copies of the three most recent personal income tax returns (including all schedules), as well as the three most recent W-2’s, for each woman claiming economic disadvantage and each such woman’s spouse (unless they are legally separated)
Supporting documentation showing the following for each woman claiming economic disadvantage: all assets (including cash on hand and in banks, accounts and notes receivable, retirement accounts, stocks, bonds, real estate, personal property, life insurance, and any other assets), liabilities (such as loans, mortgages, tax debts, and any other liabilities), and income (including salary, investment income, real estate income, and any other income),
A signed copy of the Women-Owned Small Business Program Certification for EDWOSBs
*Note: SBA may consider a spouse’s financial situation in determining whether a woman is economically disadvantaged where the spouse has a role in the business (e.g., an officer, employee or director) or has lent money to, provided credit or financial support to, or guaranteed a loan of the business. 13 C.F.R. 127.203(c)(2)
More Details: 13 C.F.R. 127.300(e)(8)
Registration link Present
03-Sole Proprietorship
If you are seeking to qualify as an EDWOSB and your business is a Sole Proprietorship, you must complete and submit the following:
Active registration in the System for Award Management, available at SAM.gov(Note: The concern’s DUNS number and EIN must exactly match SAM registration)
Proof of US citizenship (birth certificate, naturalization paper, or unexpired passport) for owners who are women
A copy of the sole proprietorship’s assumed/fictitious name certificate
A completed and signed IRS Form 4506-T, Request for Tax Transcript, for each woman claiming economic disadvantage and for each such woman’s spouse(*Note)
Copies of the three most recent personal income tax returns (including all schedules), as well as the three most recent W-2’s, for each woman claiming economic disadvantage and each such woman’s spouse (unless they are legally separated)Supporting documentation showing the following for each woman claiming economic disadvantage: all assets (including cash on hand and in banks, accounts and notes receivable, retirement accounts, stocks, bonds, real estate, personal property, life insurance, and any other assets), liabilities (such as loans, mortgages, tax debts, and any other liabilities), and income (including salary, investment income, real estate income, and any other income), A signed copy of the Women-Owned Small Business Program Certification for EDWOSBs
*Note: SBA may consider a spouse’s financial situation in determining whether a woman is economically disadvantaged where the spouse has a role in the business (e.g., an officer, employee or director) or has lent money to, provided credit or financial support to, or guaranteed a loan of the business. 13 C.F.R. 127.203(c)(2)
More Details: 13C.F.R. 127.300(e)(8)
Registration link Present
04-Corporation and S-Corporation
If you are seeking to qualify as an EDWOSB and your business is a Corporation or S Corporation, you must complete and submit the following:
Active registration in the System for Award Management, available at SAM.gov(Note: The concern’s DUNS number and EIN must exactly match SAM registration)
Proof of US citizenship (birth certificate, naturalization paper, or unexpired passport) for owners who are women
A copy of the corporation’s articles of incorporation, and any amendments
A copy of the corporation’s by-laws, and any amendments
Copies of all issued stock certificates, including copies of the front and back, signed in accordance with the by-laws (Note: This also applies to all cancelled stock certificates)
A copy of the corporation’s stock ledger
A copy of any voting agreements, if applicable
A copy of the corporation’s assumed/fictitious name certificate, if applicable
A copy of any joint venture agreements, if applicable
A completed and signed IRS Form 4506-T, Request for Tax Transcript, for each woman claiming economic disadvantage and for each such woman’s spouse(*Note)
Copies of the three most recent personal income tax returns (including all schedules), as well as the three most recent W-2’s, for each woman claiming economic disadvantage and each such woman’s spouse (unless they are legally separated)
Supporting documentation showing the following for each woman claiming economic disadvantage: all assets (including cash on hand and in banks, accounts and notes receivable, retirement accounts, stocks, bonds, real estate, personal property, life insurance, and any other assets), liabilities (such as loans, mortgages, tax debts, and any other liabilities), and income (including salary, investment income, real estate income, and any other income)
A signed copy of the Women-Owned Small Business Program Certification for EDWOSBs
*Note: SBA may consider a spouse’s financial situation in determining whether a woman is economically disadvantaged where the spouse has a role in the business (e.g., an officer, employee or director) or has lent money to, provided credit or financial support to, or guaranteed a loan of the business. 13 C.F.R. 127.203(c)(2)
More Details: 13 C.F.R. 127.300(e)(8)
Registration link Present
]]></system-out>

      <system-err><![CDATA[]]></system-err>

  </testsuite>
  <testsuite errors="0" failures="0" hostname="Test-PC" id="12" name="EDWOSB_Other_Real_State_US649_FM_Regression" package="regression_for_2_1_4_release" skipped="0" tests="1" time="335.829" timestamp="2016-05-20T14:20:37">
      <properties>
[...]
</properties>

      <testcase classname="regression_for_2_1_4_release.EDWOSB_Other_Real_State_US649_FM_Regression" name="EDWOSB_Real_State_Other_MainTest" time="335.768" />

      <system-out><![CDATA[BUSINESS PROFILE Pass
The 8(a) question and select No and continue.
The Third Party Certification question have been answered
The Non-qualification question have been answered
The LLC questions have been answered
The Citizenship & Ownership questions have been answered
The Businesses & Trusts questions have been answered
The Operations & Management questions have been answered
The Expertise & Employment questions have been answered
The Highest Officer & Control  questions have been answered
The SBA Exam & Daily Operations questions have been answered
The Net Worth questions have been answered
The Adjusted Gross Income questions have been answered
The Fair Market Value questions have been answered
The Assets questions have been answered
User is navigated to the Correct section, (Financial Data) - Pass
The personal information for 1st Person
The personal information Before Save:
The page to Create and Add new Record is Present, PASS
First_Name = Sabra
Last_Name = Mabella 
SSN= 495-54-3209
Address_P= 3432 Berugard ST
State= Virginia
Country= USA
City= Alexandria
Zip= 22311
Home_Phone= 703-622-5854
Business_Phone= 703-765-4969
Email_P = Sabra.Mabella@gmail.com
User is navigated to the Correct section, (Cash On Hand) - Pass
Cash On Hand Data Before Save:
AS_of_DATE= 02/01/2016
Cash_On_Hand= 10000
Saving_Account= 50000
Checking_Account= 30000
User is navigated to the Correct section, (Other Sources Of Income) - Pass
Other Sources Of Income for Data:
Salary= 60000
Other_Income= 3000
Business_Equity= 5700
Equity_in_other_firm= 20000
Test Start here Notes Receivable Section
The Notes Receivable page coming, pass
Name_Of_Debtor= Alexander
Address_Of_Debtor= Alexander 2341 DR
Original_Balance= 1200
Current_Balance= 500
Payment_Amount= 150
Secured_or_Endorsed= 350
The page Retirement Accounts, pass
Step 11 - Create new entry window opens - Pass
The page Retirement Accounts Data Before save:
rothira_total_value= 10000.46
rothira_initial_contribution= 3500.82
rothira_investment_company=Fidelity
Create new entry window opens for the Other Retirement
ira_total_value= 2200.30
ira_initial_contribution= 2100.48
ira_investment_company= Vanguard
User is navigated to the Correct section, (Life Insurance) - Pass
The Create new entry coming, pass
The life insurance policy Data Before Save:
Insurance_Company = GEICO
Cash_Surrender_Value = 200
Face_Amount=  500
Beneficiaries = Micale
Loans_Against_Life_Insurance= 1500
 Verify that user is navigated to the Correct section(Stocks & Bonds)
  User is navigated to the Correct section, (Stocks & Bonds) - Pass
The Stocks & Bonds Data before Save:
securities_name= Alphabet Inc
total_value= 3472.55
num_of_shares= 5
cost= 694.72
market_value= 694.98
date=02/24/2016
interest_dividends= 0
User is navigated to the Correct section, (Real Estate - Primary Residence) - Pass
Real Estate - Primary Residence Data Before save:
Address_PR= 5000 K Street NW, Washington DC
PercentageOfownership= 50
PercentageOfmortgage = 50
Real Estate(primary residence) = 10000
MortgageBalance= 5000
CurrentbalanceLean= 1000
Mortgages(Primary Residence) = 10000
Calculated Annually= 11000

		Launch Here US649 Real Estate - Other page
The Real Estate - Other, pass
Real Estate - Other page Data Before Sava:
Step 2 - No was selected and the Continue button was clicked
Step 3 - Personal Property page is displayed - Pass
Step 4 - User is returned to the correct section (Real Estate - Other) - Pass
Step 5 - Locate the Real Estate - Other questions, select Yes to the first question, don't add a row, and click the Continue button.

		Error message will be displayed for those Quetion- Pass
What is the address of your Other Real Estate? 
Is your Other Real Estate jointly owned?
Is your name on the mortgage?
What is the current value of your Other Real Estate?
What is the mortgage balance on your Other Real Estate?
Is there a lien, 2nd mortgage or Home Equity Line of Credit on your Other Real Estate?
Do you receive income from your Other Real Estate (rent, etc.)?
Step 14 - Numeric error messages:
Total Value is a Numeric field - Only numbers are allowed! - Pass
Initial Contribution is a Numeric field - Only numbers are allowed! - Pass
Step 15- Text boxes cleared of data
List your other real estate holdings:, pass
5000 K Street NW, Washington DC 
Percentage_ORE = 50
 PercentageOfmortgage_ORE= 60
Other Real Estate = 15000
Mortgage_Balance_ORE= 10000
Current_Balance_lean_ORE =  1000
Calculated Annually Other Real Estate=  11000.00
User is being navigatd to the financial information(413), Real Estate - Other page, PASS
Certification is not being save, Failed
Success: org.junit.ComparisonFailure: expected:<B[USINESS PROFILE]> but was:<B[usiness Profile]>
]]></system-out>

      <system-err><![CDATA[]]></system-err>

  </testsuite>
  <testsuite errors="0" failures="0" hostname="Test-PC" id="13" name="EDWOSB_Self_Certifiesand_the_Life_Insurance_Section_US620" package="regression_for_2_1_4_release" skipped="0" tests="1" time="268.964" timestamp="2016-05-20T14:26:13">
      <properties>
[...]
</properties>

      <testcase classname="regression_for_2_1_4_release.EDWOSB_Self_Certifiesand_the_Life_Insurance_Section_US620" name="EDWOSB_Self_Certifiesand_the_Life_Insurance_MainTest" time="268.903" />

      <system-out><![CDATA[BUSINESS PROFILE Pass
The LLC questions have been answered
The Citizenship & Ownership questions have been answered
The Businesses & Trusts questions have been answered
The Operations & Management questions have been answered
The Expertise & Employment questions have been answered
The Highest Officer & Control  questions have been answered
The SBA Exam & Daily Operations questions have been answered
The Net Worth questions have been answered
The Adjusted Gross Income questions have been answered
The Fair Market Value questions have been answered
The Assets questions have been answered
User is navigated to the Correct section, (Financial Data) - Pass
The personal information for 1st Person
The personal information Before Save:
The page to Create and Add new Record is Present, PASS
 First_Name = Sabra
 Last_Name = Mabella 
SSN= 495-54-3209
Address_P= 3432 Berugard ST
State= Virginia
Country= USA
City= Alexandria
 Zip= 22311
 Home_Phone= 703-622-5854
Business_Phone= 703-765-4969
 Email_P = Sabra.Mabella@gmail.com
User is navigated to the Correct section, (Cash On Hand) - Pass
Cash On Hand Data Before Save:
AS_of_DATE= 02/01/2016
Cash_On_Hand= 10000
Saving_Account= 50000
Checking_Account= 30000
User is navigated to the Correct section, (Other Sources Of Income) - Pass
Other Sources Of Income for Data:
 Salary= 60000
 Other_Income= 3000
Business_Equity= 5700
Equity_in_other_firm= 20000
Test Start here Notes Receivable Section
The Notes Receivable page coming, pass

Verify Retirement Accounts page
User is navigated to the Correct section, (Retirement Accounts) - Pass
Do you have a Roth IRA? Select 'No'
Do you have any other retirement accounts? Select 'No'

		Launch Here US620 Life Insurance page
User is navigated to the Correct section, (Life Insurance) - Pass
The Create new entry coming, pass
The life insurance policy Data Save:
	
Add 1st  Insurance Company Information
Cash_Surrender_Value = 200
	
Add 2nd  Insurance Company Information
Cash_Surrender_Value = 200
	
Add 3rd  Insurance Company Information
Cash_Surrender_Value = 200
Do you have any loans against a life insurance policy? Yes
Loans_Against_Life_Insurance= 1500
User is being navigatd to the financial information(413), Stocks & Bonds page, PASS

Verify The 1st  Insurance Company Information is being saved
The Name of Insurance Companyis being saved, Pass
The Cash Surrender Value is being saved, Pass
The Face Amount is being saved, Pass
The Beneficiaries is being saved, Pass

Verify The 2nd  Insurance Company Information is being saved
The Name of Insurance Companyis being saved, Pass
The Cash Surrender Value is being saved, Pass
The Face Amount is being saved, Pass
The Beneficiaries is being saved, Pass

Verify The 3rd  Insurance Company Information is being saved
The Name of Insurance Companyis being saved, Pass
The Cash Surrender Value is being saved, Pass
The Face Amount is being saved, Pass
The Beneficiaries is being saved, Pass
What is the current balance of any loans against life insurance? 1500 is being saved, Pass
Do you have a life insurance policy that has a Cash Surrender Value?
Yes
No

NOTE: The Cash Surrender Value is the total received if a life insurance policy is cancelled. This does not apply to term life insurance policies.

NewEditDelete
Name of Insurance Company Cash Surrender Value (if applicable) Face Amount Beneficiaries
Total: $600.00 $1500.00
Blue Cross Blue Shield $200.00 $500.00 Micale
GEICO $200.00 $500.00 Donald
Kaiser $200.00 $500.00 Jone


Do you have any loans against a life insurance policy?
Yes
No
What is the current balance of any loans against life insurance?
$
Error: org.junit.ComparisonFailure: expected:<B[USINESS PROFILE]> but was:<B[usiness Profile]>
]]></system-out>

      <system-err><![CDATA[]]></system-err>

  </testsuite>
  <testsuite errors="0" failures="0" hostname="Test-PC" id="14" name="Edith_Password2_Regression_Test" package="regression_for_2_1_4_release" skipped="0" tests="1" time="80.777" timestamp="2016-05-20T13:44:48">
      <properties>
[...]
</properties>

      <testcase classname="regression_for_2_1_4_release.Edith_Password2_Regression_Test" name="Edith_Password2_Regression_Test_Maintest" time="80.713" />

      <system-out><![CDATA[Successful sign in alert message not present
Successful sign in alert message not present
Edith Password link is present and active, Pass
User is being navigated to the change password page, PASS
Edit Passphrase
Existing passphrase
(we need your current passphrase to confirm your changes)
New passphrase
Show my typing
Passphrase strength - Weak
Your passphrase must be strong to continue.
New passphrase confirmation
Back to My ProfileUpdate
Passphrase
Secure your account by creating a strong passphrase. The passphrase meter will indicate if your passphrase is strong enough. Your passphrase must be “strong” in order to continue the registration. Rollover the help icon for examples of a strong passphrase. You can create a strong passphrase by following these guidelines:
Use 4 random but memorable words
Don’t form a sentence
Don't use previous passphrases
Special characters and numbers are helpful but not necessary
Don’t use personally relevant words that are publicly available (your real name, company name, industry, email/username etc...)
Password strength - Strong
User change password Successfully
Successful sign out alert message not present
Successful sign in alert message not present
Password Update is Successful
Successful sign out alert message not present
]]></system-out>

      <system-err><![CDATA[]]></system-err>

  </testsuite>
  <testsuite errors="0" failures="0" hostname="Test-PC" id="15" name="Edith_Password_Regression_Test" package="regression_for_2_1_4_release" skipped="0" tests="1" time="55.496" timestamp="2016-05-20T13:43:52">
      <properties>
[...]
</properties>

      <testcase classname="regression_for_2_1_4_release.Edith_Password_Regression_Test" name="Edith_Password_Regression_Test_Maintest" time="55.433" />

      <system-out><![CDATA[First attempt to log-in with current password was successful, PASS
Successful sign in alert message not present
Edith Password link is present and active, Pass
User is being navigated to the change password page, PASS
Passphrase strength - Strong
1 error prohibited this user from being saved:
Password confirmation doesn't match Password
Close
Usee sees alert messages requesting user to confirm password or password doesen't match, PASS
Passphrase strength - Weak
User sees alert message saying the password user entered is weak, PASS
User sees alert message saying the password user entered is Better, PASS
Passphrase strength - Better
]]></system-out>

      <system-err><![CDATA[]]></system-err>

  </testsuite>
  <testsuite errors="0" failures="0" hostname="Test-PC" id="16" name="Eight_A_Self_Certify_Answer_Question_and_Attached_Documents_US438_Regression" package="regression_for_2_1_4_release" skipped="0" tests="1" time="82.438" timestamp="2016-05-20T13:46:31">
      <properties>
[...]
</properties>

      <testcase classname="regression_for_2_1_4_release.Eight_A_Self_Certify_Answer_Question_and_Attached_Documents_US438_Regression" name="EDWOSB_Self_Certify_Answer_Question_and_Attached_Documents_Maintest" time="82.372" />

      <system-out><![CDATA[Successful login alert message pop up not activated
Successful sign in alert message not present
file3 copy.png.pdf
Document successfully uploaded, Pass
Successful sign in alert message not present
]]></system-out>

      <system-err><![CDATA[]]></system-err>

  </testsuite>
  <testsuite errors="0" failures="0" hostname="Test-PC" id="17" name="Login_Regression_Test_setup" package="regression_for_2_1_4_release" skipped="0" tests="1" time="92.714" timestamp="2016-05-20T13:47:55">
      <properties>
[...]
</properties>

      <testcase classname="regression_for_2_1_4_release.Login_Regression_Test_setup" name="Login_Regression_Test_mymaintest" time="92.634" />

      <system-out><![CDATA[Login Page present, page validated
Successful sign in alert message not present
Sign-in was successfull
]]></system-out>

      <system-err><![CDATA[]]></system-err>

  </testsuite>
  <testsuite errors="1" failures="0" hostname="Test-PC" id="18" name="Regression_Test_Iteration11_A_B_C" package="regression_for_2_1_4_release" skipped="0" tests="1" time="398.365" timestamp="2016-05-20T13:27:43">
      <properties>
[...]
</properties>

      <testcase classname="regression_for_2_1_4_release.Regression_Test_Iteration11_A_B_C" name="Regression_Test_Iteration11_A_B_C_mymaintest" time="398.298">
[...]
Step 16 - Returned to the Dashboard
Certification in-progress on the dashboard was clicked
Step 17 - Verify that user is navigated to the Correct section(Other Sources Of Income)
  User is navigated to the Correct section, (Other Sources Of Income) - Pass

--Expand sections--
Step 18 - Click to expand the Prior Certification section
Step 19 - Verify that the Prior Certification section was expanded
  Prior Certification section expanded - Pass
Step 20 - Click to expand the Third Party Certification section
Step 21 - Verify that the Third Party Certification section was expanded
  Third Party section expanded - Pass
Step 22 - Click to expand the Business section
Step 23 - Verify that the Business section was expanded
  Business section is successfully expanded - Pass
Step 24 - Click to expand the Corporation section
Step 25 - Verify that the Corporation section was expanded
  Corporation section expanded - Pass
Step 26 - Click to expand the Operations section
Step 27 - Verify that the Operations section was expanded
  Operations section expanded - Pass
Step 28 - Click to expand the EDWOSB Group section
Step 29 - Verify that the EDWOSB Group section was expanded
  EDWOSB Group section expanded - Pass

--Collapse sections--
Step 30 - Click to collapse the Third Party Certification section
Step 31 - Verify that the Third Party Certification section was collapsed
  Third Party section collapsed - Pass
Step 32 - Click to collapse the Prior Certification section
Step 33 - Verify that the Prior Certification section was collapsed
  Prior Certification section collapsed - Pass
Step 34 - Click to collapse the Corporation section
Step 35 - Verify that the Corporation section was collapsed
  Corporation section collapsed - Pass
Step 36 - Click to collapse the Business section
Step 37 - Verify that the Business section was collapsed
  Business section collapsed - Pass
Step 38 - Click to collapse the Operations section
Step 39 - Verify that the Operations section was collapsed
  Operations section collapsed - Pass
Step 40 - Click to collapse the EDWOSB Group section
Step 41 - Verify that the EDWOSB Group section was collapsed
  EDWOSB Group section collapsed - Pass
Step 42 - Click to collapse the Financial section for James Thompson
Step 43 - Verify that the Financial section for James Thompson was collapsed
  James Thompson Financial section collapsed - Pass
Step 44 - Click to collapse the Financial section for Peter Smith
Step 45 - Verify that the Financial section for Peter Smith was collapsed
  Peter Smith Financial section collapsed - Pass
Step 46 - Click to expand the Financial section for James Thompson
Step 47 - Verify that the Financial section for James Thompson was expanded
  James Thompson Financial section expanded - Pass
Step 48 - Click to expand the Financial section for Peter Smith
Step 49 - Verify that the Financial section for Peter Smith was expanded
  Peter Smith Financial section expanded - Pass
Step 50 - Returned to the Dashboard
Step 51 - Logout link clicked
END OF TEST
Error: org.junit.ComparisonFailure: expected:<[Third Party]> but was:<[]>org.junit.ComparisonFailure: expected:<[8(a)]> but was:<[]>org.junit.ComparisonFailure: expected:<[Stocks]> but was:<[]>org.junit.ComparisonFailure: expected:<[Corporation & S-Corp]> but was:<[Prior Certification]>org.junit.ComparisonFailure: expected:<[Citizenship & Ownership]> but was:<[]>org.junit.ComparisonFailure: expected:<[Net Worth]> but was:<[]>org.junit.ComparisonFailure: expected:<[Cash On Hand]> but was:<[]>org.junit.ComparisonFailure: expected:<[Cash On Hand]> but was:<[]>
]]></system-out>

      <system-err><![CDATA[]]></system-err>

  </testsuite>
  <testsuite errors="0" failures="0" hostname="Test-PC" id="24" name="US788_Collapse_Navigation_Pane_LLC_WOSB" package="regression_for_2_1_4_release" skipped="0" tests="1" time="109.663" timestamp="2016-05-20T14:06:08">
      <properties>
[...]
</properties>

      <testcase classname="regression_for_2_1_4_release.US788_Collapse_Navigation_Pane_LLC_WOSB" name="testSmokeLogin" time="109.603" />

      <system-out><![CDATA[Step 1 - URL: http://certify.qa.sba-one.net/
  Login ID: testemail1@mailinator.com
  Password: Map Effect Applied Furniture Test
  Click on Login Link and log in
  Successful sign in alert message not present
  8(a) question have been answered
  Third Party questions have been answered
  Business questions have been answered
  Operations questions have been answered
Step 3 - Click the Accept button on the Review page
Step 4 - Returned to the Dashboard
Step 5 - Return to the certification
Certification in-progress on the dashboard was clicked
Step 6 - Verify that user is navigated to the Correct section(Other Sources Of Income)
  User is NOT being navigated to the Correct section, (Signature) - <<FAILED>>

--Expand sections--
Step 7 - Click to expand the Prior Certification section
Step 8 - Verify that the Prior Certification section was expanded
  Prior Certification section expanded - Pass
Step 9 - Click to expand the Third Party Certification section
Step 10 - Verify that the Third Party Certification section was expanded
  Third Party section expanded - Pass
Step 11 - Click to expand the Business section
Step 12 - Verify that the Business section was expanded
  Business section expanded - Pass
Step 13 - Click to expand the Operations section
Step 14 - Verify that the Operations section was expanded
  Operations section expanded - Pass

--Collapse sections--
Step 15 - Click to collapse the Third Party Certification section
Step 16 - Verify that the Third Party Certification section was collapsed
  Third Party section collapsed - Pass
Step 17 - Click to collapse the Prior Certification section
Step 18 - Verify that the Prior Certification section was collapsed
  Prior Certification section collapsed - Pass
Step 19 - Click to collapse the Business section
Step 20 - Verify that the Business section was collapsed
  Business section collapsed - Pass
Step 21 - Click to collapse the Operations section
Step 22 - Verify that the Operations section was collapsed
  Operations section collapsed - Pass
Step 23 - Returned to the Dashboard
Step 24 - Logout link clicked
END OF TEST
Error: org.junit.ComparisonFailure: expected:<[Signature]> but was:<[Review]>org.junit.ComparisonFailure: expected:<[Third Party]> but was:<[]>org.junit.ComparisonFailure: expected:<[8 (a)]> but was:<[]>org.junit.ComparisonFailure: expected:<[LLC]> but was:<[]>org.junit.ComparisonFailure: expected:<[Citizenship & Ownership]> but was:<[]>
]]></system-out>

      <system-err><![CDATA[]]></system-err>

  </testsuite>
  <testsuite errors="0" failures="0" hostname="Test-PC" id="25" name="US799_New_landing_dashboard_and_login_page_styles_Regression" package="regression_for_2_1_4_release" skipped="0" tests="1" time="87.78" timestamp="2016-05-20T14:07:58">
      <properties>
[...]
</properties>

      <testcase classname="regression_for_2_1_4_release.US799_New_landing_dashboard_and_login_page_styles_Regression" name="US799_New_landing_dashboard_and_login_page_styles_MainTest" time="87.712" />

      <system-out><![CDATA[The login link is present and visible on the landing page, Pass
The login link is present But Not Active on the landing page, Failed
The CREATE ACCOUNT link is Not present and visible on the landing page, Failed
The HOME Button is present and visible on the landing page, Pass
The AM I ELIGIBLE link is present and visible on the landing page, Pass
The AM I ELIGIBLE link is present and Active on the landing page, Pass
The New Features notes is present and visible on the landing page, Pass
The COMING SOON notes is present and visible on the landing page, Pass
The  Welcome to certify.SBA.gov text is present and visible on the landing page, Pass
]]></system-out>

      <system-err><![CDATA[]]></system-err>

  </testsuite>
  <testsuite errors="0" failures="0" hostname="Test-PC" id="26" name="US855_Improve_Text_Work_In_Progress_From_All_pages" package="regression_for_2_1_4_release" skipped="0" tests="1" time="112.359" timestamp="2016-05-20T14:10:16">
      <properties>
[...]
</properties>

      <testcase classname="regression_for_2_1_4_release.US855_Improve_Text_Work_In_Progress_From_All_pages" name="US855_Improve_Text_Work_In_Progress_From_All_pages_MainTest" time="112.291" />

      <system-out><![CDATA[Test 'If you don?t find what you need, visit SBA.gov' is updated on the landing page, Pass
Test 'Your experience is important to us. Please email us at  certify@sba.gov with comments or suggestions' is updated on the Am I Eligible page, Pass
Test 'Your experience is important to us. Please email us at  certify@sba.gov with comments or suggestions' is updated on the Create account page, Pass
Test 'Your experience is important to us. Please email us at  certify@sba.gov with comments or suggestions' is updated on the Login page, Pass
Successful sign in alert message not present
Test 'Your experience is important to us. Please email us at  certify@sba.gov with comments or suggestions' is updated on the Vendor dashboard, Pass
Successful sign in alert message not present
Successful sign in alert message not present
Test 'Your experience is important to us. Please email us at  certify@sba.gov with comments or suggestions' is updated on the Vendor dashboard, Pass
Successful sign in alert message not present
]]></system-out>

      <system-err><![CDATA[]]></system-err>

  </testsuite>
  <testsuite errors="0" failures="0" hostname="Test-PC" id="27" name="US859_Vendor_Admin_User_Profile" package="regression_for_2_1_4_release" skipped="0" tests="1" time="48.943" timestamp="2016-05-20T14:09:26">
      <properties>
[...]
</properties>

      <testcase classname="regression_for_2_1_4_release.US859_Vendor_Admin_User_Profile" name="testSmokeLogin" time="48.864" />

      <system-out><![CDATA[Step 1 - URL: http://certify.qa.sba-one.net/
Step 2 - Log in as an Analyst
  Login ID: analyst3@mailinator.com
  Password: password
  Click on Login Link and log in
  Successful sign in alert message not present
Step 3 - Verify if the Analyst Dashboard is displayed
  Analyst Dashboard is displayed - <<FAILED>>
  Enter DUNS number to search on
  Click the Search button
Search results are returned
  Search Results are displayed - Pass
Step 4 - View Profile
Step 5 - Verify the Associated Vendor Administrator header
  Associated Vendor Administrator label is displayed - Pass
Step 6 - Click on the Associated Vendor Administrator name if linked
  Associated Vendor Administrator name is displayed - Pass
Step 7 - Verify Vendor Administrator Profile pop up window
  Vendor Administrator Profile title is displayed - Pass
Step 8 - Verify Last Name lable
  Last Name label is displayed - Pass
Step 9 - Verify First Name lable
  First Name label is displayed - Pass
Step 10 - Verify Email Address lable
  Email Address label is displayed - Pass
Step 11 - Verify Role lable
  Role label is displayed - Pass
Step 12 - Verify Telephone Number lable
  Telephone Number label is displayed - Pass
Step 13 - Print out the Vendor Admin data
Last Name: User
First Name: QA
Email: akanamontana@gmail.com
Role: Vendor Administrator
Phone No:
Step 14 - Click on the Close button
Step 15 - Logout link clicked
END OF TEST
Error: org.junit.ComparisonFailure: expected:<V[ENDOR SEARCH]> but was:<V[endor Search]>
]]></system-out>

      <system-err><![CDATA[]]></system-err>

  </testsuite>
  <testsuite errors="0" failures="0" hostname="Test-PC" id="28" name="US861_SBA_Analyst_View_More_Info_About_Vendor_Regression" package="regression_for_2_1_4_release" skipped="0" tests="1" time="40.228" timestamp="2016-05-20T14:12:08">
      <properties>
[...]
</properties>

      <testcase classname="regression_for_2_1_4_release.US861_SBA_Analyst_View_More_Info_About_Vendor_Regression" name="US861_SBA_Analyst_View_More_Info_About_Vendor_MainTest" time="40.161" />

      <system-out><![CDATA[Successful sign in alert message not present
The saerch results maches the business for the searched Duns number, Pass.
The saerch results maches the business for the searched Business name, Pass.
The link to view more information about the company is present, Pass.
Corporate URL:
DODAC:
Congressional District: 98
EIN: 123456789
DUNS+4:
Primary NAICS:
Other NAICS:
Alt Gov Business POC First Name: SAM
Alt Gov Business POC Last Name: MERICA
Alt Gov Business POC Title:
Alt Gov Business POC Email: something@sam.gov
Alt Gov Business POC Phone: 5555555555
Entity Year Established: 19980810
Entity Fiscal Year End Date: 0930
SAM Expiration Date: 20140625
State of Incorporation:
Country of Incorporation:
Average Number of Employees:
Average Annual Revenue:
Net Worth:
AGI:
Last Edited: 2016-05-12 16:05:55 UTC
]]></system-out>

      <system-err><![CDATA[]]></system-err>

  </testsuite>
  <testsuite errors="0" failures="0" hostname="Test-PC" id="29" name="US862_SBA_Analyst_Cloning_Sends_Certification_Back_to_Vendor" package="regression_for_2_1_4_release" skipped="0" tests="1" time="29.099" timestamp="2016-05-20T14:12:49">
      <properties>
[...]
</properties>

      <testcase classname="regression_for_2_1_4_release.US862_SBA_Analyst_Cloning_Sends_Certification_Back_to_Vendor" name="US862_SBA_Analyst_Cloning_Sends_Certification_Back_to_Vendor_Maintest" time="29.033" />

      <system-out><![CDATA[Successful sign in alert message not present
Analyst is Unable to return certification back to the vendor, Failed
]]></system-out>

      <system-err><![CDATA[]]></system-err>

  </testsuite>
  <testsuite errors="1" failures="0" hostname="Test-PC" id="30" name="US880_User_Support_Passphrase_visible_when_creating_account_or_resetting_my_passphrase" package="regression_for_2_1_4_release" skipped="0" tests="1" time="63.695" timestamp="2016-05-20T14:13:19">
      <properties>
[...]
</properties>

      <testcase classname="regression_for_2_1_4_release.US880_User_Support_Passphrase_visible_when_creating_account_or_resetting_my_passphrase" name="US880_User_Support_Passphrase_visible_when_creating_account_or_resetting_my_passphrase_Maintest" time="63.613">
          <error message="The FirefoxDriver cannot be used after quit() was called.&#xa;Build info: version: &apos;2.53.0&apos;, revision: &apos;35ae25b&apos;, time: &apos;2016-03-15 16:57:40&apos;&#xa;System info: host: &apos;Test-PC&apos;, ip: &apos;192.168.56.1&apos;, os.name: &apos;Windows 7&apos;, os.arch: &apos;amd64&apos;, os.version: &apos;6.1&apos;, java.version: &apos;1.8.0_77&apos;&#xa;Driver info: driver.version: RemoteWebDriver" type="org.openqa.selenium.remote.SessionNotFoundException">org.openqa.selenium.remote.SessionNotFoundException: The FirefoxDriver cannot be used after quit() was called.
Build info: version: &apos;2.53.0&apos;, revision: &apos;35ae25b&apos;, time: &apos;2016-03-15 16:57:40&apos;
System info: host: &apos;Test-PC&apos;, ip: &apos;192.168.56.1&apos;, os.name: &apos;Windows 7&apos;, os.arch: &apos;amd64&apos;, os.version: &apos;6.1&apos;, java.version: &apos;1.8.0_77&apos;
Driver info: driver.version: RemoteWebDriver
	at org.openqa.selenium.firefox.FirefoxDriver$LazyCommandExecutor.execute(FirefoxDriver.java:377)
	at org.openqa.selenium.remote.RemoteWebDriver.execute(RemoteWebDriver.java:644)
	at org.openqa.selenium.remote.RemoteWebDriver.execute(RemoteWebDriver.java:701)
	at org.openqa.selenium.remote.RemoteWebDriver.getPageSource(RemoteWebDriver.java:511)
	at regression_for_2_1_4_release.US880_User_Support_Passphrase_visible_when_creating_account_or_resetting_my_passphrase.US880_User_Support_Passphrase_visible_when_creating_account_or_resetting_my_passphrase_Maintest(US880_User_Support_Passphrase_visible_when_creating_account_or_resetting_my_passphrase.java:167)
</error>

      </testcase>

      <system-out><![CDATA[The word password on the password search box has been successfully updated, Pass
The link for users to view their password when typing is successfully implemented on the registration page, Pass
The Hide my typing link is activated, Pass

The passphrass entered  successfully matches the display passphrass, 'show my typing' link is active, Pass
Text Not Present, Login page Not validated. Test Failed
Successful sign in alert message not present
Edith Password link is not present nor active, Failed
User is being navigated to the change password page, PASS
The Edith Password text has successfully updated to Edit Passphrase, PASS
The New password text was Not successfully updated to New passphrase, Failed
]]></system-out>

      <system-err><![CDATA[]]></system-err>

  </testsuite>
  <testsuite errors="0" failures="0" hostname="Test-PC" id="31" name="US888_Registration_Activate_Submit_Button_use_dialog_for_error_messages" package="regression_for_2_1_4_release" skipped="0" tests="1" time="72.842" timestamp="2016-05-20T14:14:23">
      <properties>
[...]
</properties>

      <testcase classname="regression_for_2_1_4_release.US888_Registration_Activate_Submit_Button_use_dialog_for_error_messages" name="IAM_Custom_Registration_Vendor_Starts_New_Registration_US652_Maintest" time="72.769" />

      <system-out><![CDATA[User sees the link on the landing page for user to create an account, PASS
The submit button is made active to stimulate required filed when left emty by usser, PASS
user see error message saying '7 errors prohibited user to submit Registration'
Error Status
First name is required.
Last name is required.
Email is required.
Passphrase is required.
Passphrase confirmation is required.
'I accept' check box must be checked.
'I am not a robot' check box must be checked.
Passphrase strength - Weak
Password type is Weak, Weak password validated, Pass
Passphrase strength - Better
Password type is strong, Weak password validated, Pass
Passphrase strength - Strong
user sees the Privacy Act as stated bellow, Pass
I.This is a Federal computer system and is the property of the United States Government. It is for authorized use only. Users (authorized or unauthorized) have no explicit or implicit expectation of privacy in anything viewed, created, downloaded, or stored on this system, including email, internet, and intranet use. Any or all uses of this system (including all peripheral devices and output media) and all files on this system may be intercepted, monitored, read, captured, recorded, disclosed, copied, audited, and/or inspected by authorized SBA personnel, the Office of Inspector General (OIG), and/or other law enforcement personnel, as well as authorized officials of other agencies. Access or use of this computer by any person, whether authorized or unauthorized, constitutes consent to such interception, monitoring, reading, capturing, recording, disclosure, copying, auditing, and/or inspection at the discretion of authorized SBA personnel, law enforcement personnel (including OIG), and/or authorized officials other agencies. Unauthorized use of this system is prohibited and may constitute a violation of 18 U.S.C 1030 or other Federal laws and regulations may result in criminal, civil, and/or administrative action. By continuing to use this system, you indicate your awareness of, and consent to, these terms and conditions and acknowledge that there is no reasonable expectation of privacy in the access or use of this computer system.
II. Privacy Act Routine Uses (5 USC & 522a as amended)
Disclosure (or providing) of information requested in forms contained within this system or provided via email contact is "Voluntary". By providing the information, the individual assumes all responsibility to ensure the information provided is correct and valid and is so maintained.
III. Disclosure
Disclosure: Collected information on individuals may be shared and protected as authorized by law. Except for such authorized activities, we do not share any information we receive with any outside parties.
Re-Captcha box Present, Pass.
]]></system-out>

      <system-err><![CDATA[]]></system-err>

  </testsuite>
</testsuites>
